2024-09-18T00:24:39.329Z [Modules] Modules initializing
2024-09-18T00:24:39.329Z [Modules] Distribution: remote
2024-09-18T00:24:39.329Z [Modules] Host updates: disabled
2024-09-18T00:24:39.329Z [Modules] Module updates: enabled
2024-09-18T00:24:39.329Z [Modules] Module install path: /home/softmax/.config/discord/0.0.47/modules
2024-09-18T00:24:39.329Z [Modules] Module installed file path: /home/softmax/.config/discord/0.0.47/modules/installed.json
2024-09-18T00:24:39.330Z [Modules] Module download path: /home/softmax/.config/discord/0.0.47/modules/pending
2024-09-18T00:24:39.442Z [Modules] Bootstrapping...
2024-09-18T00:24:39.442Z [Modules] Installing discord_desktop_core@0 from /nix/store/vn1z6b71kc8f10ngz62bswfyzbhy0w2d-discord-0.0.47/opt/Discord/resources/bootstrap/discord_desktop_core.zip
2024-09-18T00:24:39.444Z [Modules] Failed installing discord_desktop_core@0: Error: ENOENT: no such file or directory, open '/nix/store/vn1z6b71kc8f10ngz62bswfyzbhy0w2d-discord-0.0.47/opt/Discord/resources/bootstrap/discord_desktop_core.zip'
2024-09-18T00:24:39.444Z [Modules] Installing discord_erlpack@0 from /nix/store/vn1z6b71kc8f10ngz62bswfyzbhy0w2d-discord-0.0.47/opt/Discord/resources/bootstrap/discord_erlpack.zip
2024-09-18T00:24:39.445Z [Modules] Failed installing discord_erlpack@0: Error: ENOENT: no such file or directory, open '/nix/store/vn1z6b71kc8f10ngz62bswfyzbhy0w2d-discord-0.0.47/opt/Discord/resources/bootstrap/discord_erlpack.zip'
2024-09-18T00:24:39.445Z [Modules] Installing discord_spellcheck@0 from /nix/store/vn1z6b71kc8f10ngz62bswfyzbhy0w2d-discord-0.0.47/opt/Discord/resources/bootstrap/discord_spellcheck.zip
2024-09-18T00:24:39.445Z [Modules] Failed installing discord_spellcheck@0: Error: ENOENT: no such file or directory, open '/nix/store/vn1z6b71kc8f10ngz62bswfyzbhy0w2d-discord-0.0.47/opt/Discord/resources/bootstrap/discord_spellcheck.zip'
2024-09-18T00:24:39.448Z [Modules] Installing discord_utils@0 from /nix/store/vn1z6b71kc8f10ngz62bswfyzbhy0w2d-discord-0.0.47/opt/Discord/resources/bootstrap/discord_utils.zip
2024-09-18T00:24:39.449Z [Modules] Failed installing discord_utils@0: Error: ENOENT: no such file or directory, open '/nix/store/vn1z6b71kc8f10ngz62bswfyzbhy0w2d-discord-0.0.47/opt/Discord/resources/bootstrap/discord_utils.zip'
2024-09-18T00:24:39.449Z [Modules] Installing discord_voice@0 from /nix/store/vn1z6b71kc8f10ngz62bswfyzbhy0w2d-discord-0.0.47/opt/Discord/resources/bootstrap/discord_voice.zip
2024-09-18T00:24:39.449Z [Modules] Failed installing discord_voice@0: Error: ENOENT: no such file or directory, open '/nix/store/vn1z6b71kc8f10ngz62bswfyzbhy0w2d-discord-0.0.47/opt/Discord/resources/bootstrap/discord_voice.zip'
2024-09-18T00:24:39.451Z [Modules] Finished module installations. [success: 0] [failure: 5]
2024-09-18T00:24:39.451Z [Modules] Host is up to date.
2024-09-18T00:24:39.452Z [Modules] Checking for module updates at https://discord.com/api/modules/stable/versions.json
2024-09-18T00:24:39.627Z [Modules] Module update available: discord_desktop_core@1 [installed: 0]
2024-09-18T00:24:39.627Z [Modules] Module update available: discord_erlpack@1 [installed: 0]
2024-09-18T00:24:39.627Z [Modules] Module update available: discord_spellcheck@1 [installed: 0]
2024-09-18T00:24:39.627Z [Modules] Module update available: discord_utils@1 [installed: 0]
2024-09-18T00:24:39.627Z [Modules] Module update available: discord_voice@1 [installed: 0]
2024-09-18T00:24:39.627Z [Modules] Fetching discord_desktop_core@1 from https://discord.com/api/modules/stable/discord_desktop_core/1
2024-09-18T00:24:39.627Z [Modules] Streaming discord_desktop_core@1 to /home/softmax/.config/discord/0.0.47/modules/pending/discord_desktop_core-1.zip
2024-09-18T00:24:39.830Z [Modules] Streaming discord_desktop_core@1 to /home/softmax/.config/discord/0.0.47/modules/pending/discord_desktop_core-1.zip: 2%
2024-09-18T00:24:39.840Z [Modules] Streaming discord_desktop_core@1 to /home/softmax/.config/discord/0.0.47/modules/pending/discord_desktop_core-1.zip: 5%
2024-09-18T00:24:39.846Z [Modules] Streaming discord_desktop_core@1 to /home/softmax/.config/discord/0.0.47/modules/pending/discord_desktop_core-1.zip: 8%
2024-09-18T00:24:39.846Z [Modules] Streaming discord_desktop_core@1 to /home/softmax/.config/discord/0.0.47/modules/pending/discord_desktop_core-1.zip: 9%
2024-09-18T00:24:39.847Z [Modules] Streaming discord_desktop_core@1 to /home/softmax/.config/discord/0.0.47/modules/pending/discord_desktop_core-1.zip: 12%
2024-09-18T00:24:39.848Z [Modules] Streaming discord_desktop_core@1 to /home/softmax/.config/discord/0.0.47/modules/pending/discord_desktop_core-1.zip: 13%
2024-09-18T00:24:39.852Z [Modules] Streaming discord_desktop_core@1 to /home/softmax/.config/discord/0.0.47/modules/pending/discord_desktop_core-1.zip: 16%
2024-09-18T00:24:39.852Z [Modules] Streaming discord_desktop_core@1 to /home/softmax/.config/discord/0.0.47/modules/pending/discord_desktop_core-1.zip: 17%
2024-09-18T00:24:39.853Z [Modules] Streaming discord_desktop_core@1 to /home/softmax/.config/discord/0.0.47/modules/pending/discord_desktop_core-1.zip: 20%
2024-09-18T00:24:39.854Z [Modules] Streaming discord_desktop_core@1 to /home/softmax/.config/discord/0.0.47/modules/pending/discord_desktop_core-1.zip: 22%
2024-09-18T00:24:39.854Z [Modules] Streaming discord_desktop_core@1 to /home/softmax/.config/discord/0.0.47/modules/pending/discord_desktop_core-1.zip: 25%
2024-09-18T00:24:39.857Z [Modules] Streaming discord_desktop_core@1 to /home/softmax/.config/discord/0.0.47/modules/pending/discord_desktop_core-1.zip: 28%
2024-09-18T00:24:39.859Z [Modules] Streaming discord_desktop_core@1 to /home/softmax/.config/discord/0.0.47/modules/pending/discord_desktop_core-1.zip: 31%
2024-09-18T00:24:39.860Z [Modules] Streaming discord_desktop_core@1 to /home/softmax/.config/discord/0.0.47/modules/pending/discord_desktop_core-1.zip: 33%
2024-09-18T00:24:39.861Z [Modules] Streaming discord_desktop_core@1 to /home/softmax/.config/discord/0.0.47/modules/pending/discord_desktop_core-1.zip: 36%
2024-09-18T00:24:39.867Z [Modules] Streaming discord_desktop_core@1 to /home/softmax/.config/discord/0.0.47/modules/pending/discord_desktop_core-1.zip: 39%
2024-09-18T00:24:39.868Z [Modules] Streaming discord_desktop_core@1 to /home/softmax/.config/discord/0.0.47/modules/pending/discord_desktop_core-1.zip: 42%
2024-09-18T00:24:39.869Z [Modules] Streaming discord_desktop_core@1 to /home/softmax/.config/discord/0.0.47/modules/pending/discord_desktop_core-1.zip: 45%
2024-09-18T00:24:39.869Z [Modules] Streaming discord_desktop_core@1 to /home/softmax/.config/discord/0.0.47/modules/pending/discord_desktop_core-1.zip: 48%
2024-09-18T00:24:39.871Z [Modules] Streaming discord_desktop_core@1 to /home/softmax/.config/discord/0.0.47/modules/pending/discord_desktop_core-1.zip: 51%
2024-09-18T00:24:39.872Z [Modules] Streaming discord_desktop_core@1 to /home/softmax/.config/discord/0.0.47/modules/pending/discord_desktop_core-1.zip: 54%
2024-09-18T00:24:39.873Z [Modules] Streaming discord_desktop_core@1 to /home/softmax/.config/discord/0.0.47/modules/pending/discord_desktop_core-1.zip: 57%
2024-09-18T00:24:39.874Z [Modules] Streaming discord_desktop_core@1 to /home/softmax/.config/discord/0.0.47/modules/pending/discord_desktop_core-1.zip: 60%
2024-09-18T00:24:39.876Z [Modules] Streaming discord_desktop_core@1 to /home/softmax/.config/discord/0.0.47/modules/pending/discord_desktop_core-1.zip: 63%
2024-09-18T00:24:39.877Z [Modules] Streaming discord_desktop_core@1 to /home/softmax/.config/discord/0.0.47/modules/pending/discord_desktop_core-1.zip: 66%
2024-09-18T00:24:39.878Z [Modules] Streaming discord_desktop_core@1 to /home/softmax/.config/discord/0.0.47/modules/pending/discord_desktop_core-1.zip: 69%
2024-09-18T00:24:39.878Z [Modules] Streaming discord_desktop_core@1 to /home/softmax/.config/discord/0.0.47/modules/pending/discord_desktop_core-1.zip: 72%
2024-09-18T00:24:39.879Z [Modules] Streaming discord_desktop_core@1 to /home/softmax/.config/discord/0.0.47/modules/pending/discord_desktop_core-1.zip: 75%
2024-09-18T00:24:39.880Z [Modules] Streaming discord_desktop_core@1 to /home/softmax/.config/discord/0.0.47/modules/pending/discord_desktop_core-1.zip: 78%
2024-09-18T00:24:39.881Z [Modules] Streaming discord_desktop_core@1 to /home/softmax/.config/discord/0.0.47/modules/pending/discord_desktop_core-1.zip: 81%
2024-09-18T00:24:39.882Z [Modules] Streaming discord_desktop_core@1 to /home/softmax/.config/discord/0.0.47/modules/pending/discord_desktop_core-1.zip: 84%
2024-09-18T00:24:39.883Z [Modules] Streaming discord_desktop_core@1 to /home/softmax/.config/discord/0.0.47/modules/pending/discord_desktop_core-1.zip: 87%
2024-09-18T00:24:39.883Z [Modules] Streaming discord_desktop_core@1 to /home/softmax/.config/discord/0.0.47/modules/pending/discord_desktop_core-1.zip: 90%
2024-09-18T00:24:39.884Z [Modules] Streaming discord_desktop_core@1 to /home/softmax/.config/discord/0.0.47/modules/pending/discord_desktop_core-1.zip: 93%
2024-09-18T00:24:39.885Z [Modules] Streaming discord_desktop_core@1 to /home/softmax/.config/discord/0.0.47/modules/pending/discord_desktop_core-1.zip: 95%
2024-09-18T00:24:39.886Z [Modules] Streaming discord_desktop_core@1 to /home/softmax/.config/discord/0.0.47/modules/pending/discord_desktop_core-1.zip: 98%
2024-09-18T00:24:39.886Z [Modules] Streaming discord_desktop_core@1 to /home/softmax/.config/discord/0.0.47/modules/pending/discord_desktop_core-1.zip: 100%
2024-09-18T00:24:39.887Z [Modules] Fetching discord_erlpack@1 from https://discord.com/api/modules/stable/discord_erlpack/1
2024-09-18T00:24:39.887Z [Modules] Streaming discord_erlpack@1 to /home/softmax/.config/discord/0.0.47/modules/pending/discord_erlpack-1.zip
2024-09-18T00:24:40.364Z [Modules] Streaming discord_erlpack@1 to /home/softmax/.config/discord/0.0.47/modules/pending/discord_erlpack-1.zip: 1%
2024-09-18T00:24:40.367Z [Modules] Streaming discord_erlpack@1 to /home/softmax/.config/discord/0.0.47/modules/pending/discord_erlpack-1.zip: 2%
2024-09-18T00:24:40.369Z [Modules] Streaming discord_erlpack@1 to /home/softmax/.config/discord/0.0.47/modules/pending/discord_erlpack-1.zip: 3%
2024-09-18T00:24:40.372Z [Modules] Streaming discord_erlpack@1 to /home/softmax/.config/discord/0.0.47/modules/pending/discord_erlpack-1.zip: 4%
2024-09-18T00:24:40.374Z [Modules] Streaming discord_erlpack@1 to /home/softmax/.config/discord/0.0.47/modules/pending/discord_erlpack-1.zip: 5%
2024-09-18T00:24:40.379Z [Modules] Streaming discord_erlpack@1 to /home/softmax/.config/discord/0.0.47/modules/pending/discord_erlpack-1.zip: 8%
2024-09-18T00:24:40.383Z [Modules] Streaming discord_erlpack@1 to /home/softmax/.config/discord/0.0.47/modules/pending/discord_erlpack-1.zip: 12%
2024-09-18T00:24:40.384Z [Modules] Streaming discord_erlpack@1 to /home/softmax/.config/discord/0.0.47/modules/pending/discord_erlpack-1.zip: 13%
2024-09-18T00:24:40.385Z [Modules] Streaming discord_erlpack@1 to /home/softmax/.config/discord/0.0.47/modules/pending/discord_erlpack-1.zip: 14%
2024-09-18T00:24:40.387Z [Modules] Streaming discord_erlpack@1 to /home/softmax/.config/discord/0.0.47/modules/pending/discord_erlpack-1.zip: 15%
2024-09-18T00:24:40.389Z [Modules] Streaming discord_erlpack@1 to /home/softmax/.config/discord/0.0.47/modules/pending/discord_erlpack-1.zip: 16%
2024-09-18T00:24:40.394Z [Modules] Streaming discord_erlpack@1 to /home/softmax/.config/discord/0.0.47/modules/pending/discord_erlpack-1.zip: 18%
2024-09-18T00:24:40.397Z [Modules] Streaming discord_erlpack@1 to /home/softmax/.config/discord/0.0.47/modules/pending/discord_erlpack-1.zip: 19%
2024-09-18T00:24:40.399Z [Modules] Streaming discord_erlpack@1 to /home/softmax/.config/discord/0.0.47/modules/pending/discord_erlpack-1.zip: 20%
2024-09-18T00:24:40.406Z [Modules] Streaming discord_erlpack@1 to /home/softmax/.config/discord/0.0.47/modules/pending/discord_erlpack-1.zip: 23%
2024-09-18T00:24:40.409Z [Modules] Streaming discord_erlpack@1 to /home/softmax/.config/discord/0.0.47/modules/pending/discord_erlpack-1.zip: 24%
2024-09-18T00:24:40.411Z [Modules] Streaming discord_erlpack@1 to /home/softmax/.config/discord/0.0.47/modules/pending/discord_erlpack-1.zip: 26%
2024-09-18T00:24:40.414Z [Modules] Streaming discord_erlpack@1 to /home/softmax/.config/discord/0.0.47/modules/pending/discord_erlpack-1.zip: 27%
2024-09-18T00:24:40.417Z [Modules] Streaming discord_erlpack@1 to /home/softmax/.config/discord/0.0.47/modules/pending/discord_erlpack-1.zip: 28%
2024-09-18T00:24:40.421Z [Modules] Streaming discord_erlpack@1 to /home/softmax/.config/discord/0.0.47/modules/pending/discord_erlpack-1.zip: 29%
2024-09-18T00:24:40.426Z [Modules] Streaming discord_erlpack@1 to /home/softmax/.config/discord/0.0.47/modules/pending/discord_erlpack-1.zip: 32%
2024-09-18T00:24:40.428Z [Modules] Streaming discord_erlpack@1 to /home/softmax/.config/discord/0.0.47/modules/pending/discord_erlpack-1.zip: 33%
2024-09-18T00:24:40.431Z [Modules] Streaming discord_erlpack@1 to /home/softmax/.config/discord/0.0.47/modules/pending/discord_erlpack-1.zip: 34%
2024-09-18T00:24:40.435Z [Modules] Streaming discord_erlpack@1 to /home/softmax/.config/discord/0.0.47/modules/pending/discord_erlpack-1.zip: 36%
2024-09-18T00:24:40.438Z [Modules] Streaming discord_erlpack@1 to /home/softmax/.config/discord/0.0.47/modules/pending/discord_erlpack-1.zip: 37%
2024-09-18T00:24:40.441Z [Modules] Streaming discord_erlpack@1 to /home/softmax/.config/discord/0.0.47/modules/pending/discord_erlpack-1.zip: 38%
2024-09-18T00:24:40.443Z [Modules] Streaming discord_erlpack@1 to /home/softmax/.config/discord/0.0.47/modules/pending/discord_erlpack-1.zip: 39%
2024-09-18T00:24:40.445Z [Modules] Streaming discord_erlpack@1 to /home/softmax/.config/discord/0.0.47/modules/pending/discord_erlpack-1.zip: 40%
2024-09-18T00:24:40.449Z [Modules] Streaming discord_erlpack@1 to /home/softmax/.config/discord/0.0.47/modules/pending/discord_erlpack-1.zip: 41%
2024-09-18T00:24:40.451Z [Modules] Streaming discord_erlpack@1 to /home/softmax/.config/discord/0.0.47/modules/pending/discord_erlpack-1.zip: 42%
2024-09-18T00:24:40.454Z [Modules] Streaming discord_erlpack@1 to /home/softmax/.config/discord/0.0.47/modules/pending/discord_erlpack-1.zip: 44%
2024-09-18T00:24:40.457Z [Modules] Streaming discord_erlpack@1 to /home/softmax/.config/discord/0.0.47/modules/pending/discord_erlpack-1.zip: 45%
2024-09-18T00:24:40.459Z [Modules] Streaming discord_erlpack@1 to /home/softmax/.config/discord/0.0.47/modules/pending/discord_erlpack-1.zip: 46%
2024-09-18T00:24:40.470Z [Modules] Streaming discord_erlpack@1 to /home/softmax/.config/discord/0.0.47/modules/pending/discord_erlpack-1.zip: 50%
2024-09-18T00:24:40.471Z [Modules] Streaming discord_erlpack@1 to /home/softmax/.config/discord/0.0.47/modules/pending/discord_erlpack-1.zip: 51%
2024-09-18T00:24:40.473Z [Modules] Streaming discord_erlpack@1 to /home/softmax/.config/discord/0.0.47/modules/pending/discord_erlpack-1.zip: 52%
2024-09-18T00:24:40.477Z [Modules] Streaming discord_erlpack@1 to /home/softmax/.config/discord/0.0.47/modules/pending/discord_erlpack-1.zip: 54%
2024-09-18T00:24:40.480Z [Modules] Streaming discord_erlpack@1 to /home/softmax/.config/discord/0.0.47/modules/pending/discord_erlpack-1.zip: 55%
2024-09-18T00:24:40.483Z [Modules] Streaming discord_erlpack@1 to /home/softmax/.config/discord/0.0.47/modules/pending/discord_erlpack-1.zip: 56%
2024-09-18T00:24:40.484Z [Modules] Streaming discord_erlpack@1 to /home/softmax/.config/discord/0.0.47/modules/pending/discord_erlpack-1.zip: 57%
2024-09-18T00:24:40.487Z [Modules] Streaming discord_erlpack@1 to /home/softmax/.config/discord/0.0.47/modules/pending/discord_erlpack-1.zip: 58%
2024-09-18T00:24:40.491Z [Modules] Streaming discord_erlpack@1 to /home/softmax/.config/discord/0.0.47/modules/pending/discord_erlpack-1.zip: 59%
2024-09-18T00:24:40.492Z [Modules] Streaming discord_erlpack@1 to /home/softmax/.config/discord/0.0.47/modules/pending/discord_erlpack-1.zip: 60%
2024-09-18T00:24:40.495Z [Modules] Streaming discord_erlpack@1 to /home/softmax/.config/discord/0.0.47/modules/pending/discord_erlpack-1.zip: 61%
2024-09-18T00:24:40.496Z [Modules] Streaming discord_erlpack@1 to /home/softmax/.config/discord/0.0.47/modules/pending/discord_erlpack-1.zip: 62%
2024-09-18T00:24:40.498Z [Modules] Streaming discord_erlpack@1 to /home/softmax/.config/discord/0.0.47/modules/pending/discord_erlpack-1.zip: 63%
2024-09-18T00:24:40.500Z [Modules] Streaming discord_erlpack@1 to /home/softmax/.config/discord/0.0.47/modules/pending/discord_erlpack-1.zip: 64%
2024-09-18T00:24:40.504Z [Modules] Streaming discord_erlpack@1 to /home/softmax/.config/discord/0.0.47/modules/pending/discord_erlpack-1.zip: 65%
2024-09-18T00:24:40.506Z [Modules] Streaming discord_erlpack@1 to /home/softmax/.config/discord/0.0.47/modules/pending/discord_erlpack-1.zip: 66%
2024-09-18T00:24:40.508Z [Modules] Streaming discord_erlpack@1 to /home/softmax/.config/discord/0.0.47/modules/pending/discord_erlpack-1.zip: 67%
2024-09-18T00:24:40.509Z [Modules] Streaming discord_erlpack@1 to /home/softmax/.config/discord/0.0.47/modules/pending/discord_erlpack-1.zip: 68%
2024-09-18T00:24:40.512Z [Modules] Streaming discord_erlpack@1 to /home/softmax/.config/discord/0.0.47/modules/pending/discord_erlpack-1.zip: 69%
2024-09-18T00:24:40.514Z [Modules] Streaming discord_erlpack@1 to /home/softmax/.config/discord/0.0.47/modules/pending/discord_erlpack-1.zip: 70%
2024-09-18T00:24:40.518Z [Modules] Streaming discord_erlpack@1 to /home/softmax/.config/discord/0.0.47/modules/pending/discord_erlpack-1.zip: 71%
2024-09-18T00:24:40.520Z [Modules] Streaming discord_erlpack@1 to /home/softmax/.config/discord/0.0.47/modules/pending/discord_erlpack-1.zip: 72%
2024-09-18T00:24:40.522Z [Modules] Streaming discord_erlpack@1 to /home/softmax/.config/discord/0.0.47/modules/pending/discord_erlpack-1.zip: 73%
2024-09-18T00:24:40.525Z [Modules] Streaming discord_erlpack@1 to /home/softmax/.config/discord/0.0.47/modules/pending/discord_erlpack-1.zip: 75%
2024-09-18T00:24:40.529Z [Modules] Streaming discord_erlpack@1 to /home/softmax/.config/discord/0.0.47/modules/pending/discord_erlpack-1.zip: 76%
2024-09-18T00:24:40.532Z [Modules] Streaming discord_erlpack@1 to /home/softmax/.config/discord/0.0.47/modules/pending/discord_erlpack-1.zip: 77%
2024-09-18T00:24:40.535Z [Modules] Streaming discord_erlpack@1 to /home/softmax/.config/discord/0.0.47/modules/pending/discord_erlpack-1.zip: 79%
2024-09-18T00:24:40.537Z [Modules] Streaming discord_erlpack@1 to /home/softmax/.config/discord/0.0.47/modules/pending/discord_erlpack-1.zip: 80%
2024-09-18T00:24:40.541Z [Modules] Streaming discord_erlpack@1 to /home/softmax/.config/discord/0.0.47/modules/pending/discord_erlpack-1.zip: 82%
2024-09-18T00:24:40.546Z [Modules] Streaming discord_erlpack@1 to /home/softmax/.config/discord/0.0.47/modules/pending/discord_erlpack-1.zip: 83%
2024-09-18T00:24:40.548Z [Modules] Streaming discord_erlpack@1 to /home/softmax/.config/discord/0.0.47/modules/pending/discord_erlpack-1.zip: 84%
2024-09-18T00:24:40.551Z [Modules] Streaming discord_erlpack@1 to /home/softmax/.config/discord/0.0.47/modules/pending/discord_erlpack-1.zip: 86%
2024-09-18T00:24:40.555Z [Modules] Streaming discord_erlpack@1 to /home/softmax/.config/discord/0.0.47/modules/pending/discord_erlpack-1.zip: 87%
2024-09-18T00:24:40.558Z [Modules] Streaming discord_erlpack@1 to /home/softmax/.config/discord/0.0.47/modules/pending/discord_erlpack-1.zip: 88%
2024-09-18T00:24:40.562Z [Modules] Streaming discord_erlpack@1 to /home/softmax/.config/discord/0.0.47/modules/pending/discord_erlpack-1.zip: 90%
2024-09-18T00:24:40.564Z [Modules] Streaming discord_erlpack@1 to /home/softmax/.config/discord/0.0.47/modules/pending/discord_erlpack-1.zip: 91%
2024-09-18T00:24:40.567Z [Modules] Streaming discord_erlpack@1 to /home/softmax/.config/discord/0.0.47/modules/pending/discord_erlpack-1.zip: 92%
2024-09-18T00:24:40.570Z [Modules] Streaming discord_erlpack@1 to /home/softmax/.config/discord/0.0.47/modules/pending/discord_erlpack-1.zip: 93%
2024-09-18T00:24:40.572Z [Modules] Streaming discord_erlpack@1 to /home/softmax/.config/discord/0.0.47/modules/pending/discord_erlpack-1.zip: 94%
2024-09-18T00:24:40.574Z [Modules] Streaming discord_erlpack@1 to /home/softmax/.config/discord/0.0.47/modules/pending/discord_erlpack-1.zip: 95%
2024-09-18T00:24:40.576Z [Modules] Streaming discord_erlpack@1 to /home/softmax/.config/discord/0.0.47/modules/pending/discord_erlpack-1.zip: 96%
2024-09-18T00:24:40.578Z [Modules] Streaming discord_erlpack@1 to /home/softmax/.config/discord/0.0.47/modules/pending/discord_erlpack-1.zip: 97%
2024-09-18T00:24:40.580Z [Modules] Streaming discord_erlpack@1 to /home/softmax/.config/discord/0.0.47/modules/pending/discord_erlpack-1.zip: 98%
2024-09-18T00:24:40.583Z [Modules] Streaming discord_erlpack@1 to /home/softmax/.config/discord/0.0.47/modules/pending/discord_erlpack-1.zip: 100%
2024-09-18T00:24:40.584Z [Modules] Fetching discord_spellcheck@1 from https://discord.com/api/modules/stable/discord_spellcheck/1
2024-09-18T00:24:40.584Z [Modules] Streaming discord_spellcheck@1 to /home/softmax/.config/discord/0.0.47/modules/pending/discord_spellcheck-1.zip
2024-09-18T00:24:40.855Z [Modules] Streaming discord_spellcheck@1 to /home/softmax/.config/discord/0.0.47/modules/pending/discord_spellcheck-1.zip: 1%
2024-09-18T00:24:40.868Z [Modules] Streaming discord_spellcheck@1 to /home/softmax/.config/discord/0.0.47/modules/pending/discord_spellcheck-1.zip: 2%
2024-09-18T00:24:40.879Z [Modules] Streaming discord_spellcheck@1 to /home/softmax/.config/discord/0.0.47/modules/pending/discord_spellcheck-1.zip: 3%
2024-09-18T00:24:40.892Z [Modules] Streaming discord_spellcheck@1 to /home/softmax/.config/discord/0.0.47/modules/pending/discord_spellcheck-1.zip: 4%
2024-09-18T00:24:40.904Z [Modules] Streaming discord_spellcheck@1 to /home/softmax/.config/discord/0.0.47/modules/pending/discord_spellcheck-1.zip: 5%
2024-09-18T00:24:40.917Z [Modules] Streaming discord_spellcheck@1 to /home/softmax/.config/discord/0.0.47/modules/pending/discord_spellcheck-1.zip: 6%
2024-09-18T00:24:40.931Z [Modules] Streaming discord_spellcheck@1 to /home/softmax/.config/discord/0.0.47/modules/pending/discord_spellcheck-1.zip: 7%
2024-09-18T00:24:40.941Z [Modules] Streaming discord_spellcheck@1 to /home/softmax/.config/discord/0.0.47/modules/pending/discord_spellcheck-1.zip: 8%
2024-09-18T00:24:40.954Z [Modules] Streaming discord_spellcheck@1 to /home/softmax/.config/discord/0.0.47/modules/pending/discord_spellcheck-1.zip: 9%
2024-09-18T00:24:40.965Z [Modules] Streaming discord_spellcheck@1 to /home/softmax/.config/discord/0.0.47/modules/pending/discord_spellcheck-1.zip: 10%
2024-09-18T00:24:40.978Z [Modules] Streaming discord_spellcheck@1 to /home/softmax/.config/discord/0.0.47/modules/pending/discord_spellcheck-1.zip: 11%
2024-09-18T00:24:40.990Z [Modules] Streaming discord_spellcheck@1 to /home/softmax/.config/discord/0.0.47/modules/pending/discord_spellcheck-1.zip: 12%
2024-09-18T00:24:41.001Z [Modules] Streaming discord_spellcheck@1 to /home/softmax/.config/discord/0.0.47/modules/pending/discord_spellcheck-1.zip: 13%
2024-09-18T00:24:41.013Z [Modules] Streaming discord_spellcheck@1 to /home/softmax/.config/discord/0.0.47/modules/pending/discord_spellcheck-1.zip: 14%
2024-09-18T00:24:41.024Z [Modules] Streaming discord_spellcheck@1 to /home/softmax/.config/discord/0.0.47/modules/pending/discord_spellcheck-1.zip: 15%
2024-09-18T00:24:41.037Z [Modules] Streaming discord_spellcheck@1 to /home/softmax/.config/discord/0.0.47/modules/pending/discord_spellcheck-1.zip: 16%
2024-09-18T00:24:41.048Z [Modules] Streaming discord_spellcheck@1 to /home/softmax/.config/discord/0.0.47/modules/pending/discord_spellcheck-1.zip: 17%
2024-09-18T00:24:41.062Z [Modules] Streaming discord_spellcheck@1 to /home/softmax/.config/discord/0.0.47/modules/pending/discord_spellcheck-1.zip: 18%
2024-09-18T00:24:41.073Z [Modules] Streaming discord_spellcheck@1 to /home/softmax/.config/discord/0.0.47/modules/pending/discord_spellcheck-1.zip: 19%
2024-09-18T00:24:41.085Z [Modules] Streaming discord_spellcheck@1 to /home/softmax/.config/discord/0.0.47/modules/pending/discord_spellcheck-1.zip: 20%
2024-09-18T00:24:41.096Z [Modules] Streaming discord_spellcheck@1 to /home/softmax/.config/discord/0.0.47/modules/pending/discord_spellcheck-1.zip: 21%
2024-09-18T00:24:41.108Z [Modules] Streaming discord_spellcheck@1 to /home/softmax/.config/discord/0.0.47/modules/pending/discord_spellcheck-1.zip: 22%
2024-09-18T00:24:41.122Z [Modules] Streaming discord_spellcheck@1 to /home/softmax/.config/discord/0.0.47/modules/pending/discord_spellcheck-1.zip: 23%
2024-09-18T00:24:41.135Z [Modules] Streaming discord_spellcheck@1 to /home/softmax/.config/discord/0.0.47/modules/pending/discord_spellcheck-1.zip: 24%
2024-09-18T00:24:41.144Z [Modules] Streaming discord_spellcheck@1 to /home/softmax/.config/discord/0.0.47/modules/pending/discord_spellcheck-1.zip: 25%
2024-09-18T00:24:41.156Z [Modules] Streaming discord_spellcheck@1 to /home/softmax/.config/discord/0.0.47/modules/pending/discord_spellcheck-1.zip: 26%
2024-09-18T00:24:41.168Z [Modules] Streaming discord_spellcheck@1 to /home/softmax/.config/discord/0.0.47/modules/pending/discord_spellcheck-1.zip: 27%
2024-09-18T00:24:41.179Z [Modules] Streaming discord_spellcheck@1 to /home/softmax/.config/discord/0.0.47/modules/pending/discord_spellcheck-1.zip: 28%
2024-09-18T00:24:41.194Z [Modules] Streaming discord_spellcheck@1 to /home/softmax/.config/discord/0.0.47/modules/pending/discord_spellcheck-1.zip: 29%
2024-09-18T00:24:41.205Z [Modules] Streaming discord_spellcheck@1 to /home/softmax/.config/discord/0.0.47/modules/pending/discord_spellcheck-1.zip: 30%
2024-09-18T00:24:41.217Z [Modules] Streaming discord_spellcheck@1 to /home/softmax/.config/discord/0.0.47/modules/pending/discord_spellcheck-1.zip: 31%
2024-09-18T00:24:41.228Z [Modules] Streaming discord_spellcheck@1 to /home/softmax/.config/discord/0.0.47/modules/pending/discord_spellcheck-1.zip: 32%
2024-09-18T00:24:41.240Z [Modules] Streaming discord_spellcheck@1 to /home/softmax/.config/discord/0.0.47/modules/pending/discord_spellcheck-1.zip: 33%
2024-09-18T00:24:41.251Z [Modules] Streaming discord_spellcheck@1 to /home/softmax/.config/discord/0.0.47/modules/pending/discord_spellcheck-1.zip: 34%
2024-09-18T00:24:41.266Z [Modules] Streaming discord_spellcheck@1 to /home/softmax/.config/discord/0.0.47/modules/pending/discord_spellcheck-1.zip: 35%
2024-09-18T00:24:41.277Z [Modules] Streaming discord_spellcheck@1 to /home/softmax/.config/discord/0.0.47/modules/pending/discord_spellcheck-1.zip: 36%
2024-09-18T00:24:41.290Z [Modules] Streaming discord_spellcheck@1 to /home/softmax/.config/discord/0.0.47/modules/pending/discord_spellcheck-1.zip: 37%
2024-09-18T00:24:41.299Z [Modules] Streaming discord_spellcheck@1 to /home/softmax/.config/discord/0.0.47/modules/pending/discord_spellcheck-1.zip: 38%
2024-09-18T00:24:41.312Z [Modules] Streaming discord_spellcheck@1 to /home/softmax/.config/discord/0.0.47/modules/pending/discord_spellcheck-1.zip: 39%
2024-09-18T00:24:41.324Z [Modules] Streaming discord_spellcheck@1 to /home/softmax/.config/discord/0.0.47/modules/pending/discord_spellcheck-1.zip: 40%
2024-09-18T00:24:41.336Z [Modules] Streaming discord_spellcheck@1 to /home/softmax/.config/discord/0.0.47/modules/pending/discord_spellcheck-1.zip: 41%
2024-09-18T00:24:41.348Z [Modules] Streaming discord_spellcheck@1 to /home/softmax/.config/discord/0.0.47/modules/pending/discord_spellcheck-1.zip: 42%
2024-09-18T00:24:41.359Z [Modules] Streaming discord_spellcheck@1 to /home/softmax/.config/discord/0.0.47/modules/pending/discord_spellcheck-1.zip: 43%
2024-09-18T00:24:41.371Z [Modules] Streaming discord_spellcheck@1 to /home/softmax/.config/discord/0.0.47/modules/pending/discord_spellcheck-1.zip: 44%
2024-09-18T00:24:41.382Z [Modules] Streaming discord_spellcheck@1 to /home/softmax/.config/discord/0.0.47/modules/pending/discord_spellcheck-1.zip: 45%
2024-09-18T00:24:41.396Z [Modules] Streaming discord_spellcheck@1 to /home/softmax/.config/discord/0.0.47/modules/pending/discord_spellcheck-1.zip: 46%
2024-09-18T00:24:41.408Z [Modules] Streaming discord_spellcheck@1 to /home/softmax/.config/discord/0.0.47/modules/pending/discord_spellcheck-1.zip: 47%
2024-09-18T00:24:41.420Z [Modules] Streaming discord_spellcheck@1 to /home/softmax/.config/discord/0.0.47/modules/pending/discord_spellcheck-1.zip: 48%
2024-09-18T00:24:41.431Z [Modules] Streaming discord_spellcheck@1 to /home/softmax/.config/discord/0.0.47/modules/pending/discord_spellcheck-1.zip: 49%
2024-09-18T00:24:41.444Z [Modules] Streaming discord_spellcheck@1 to /home/softmax/.config/discord/0.0.47/modules/pending/discord_spellcheck-1.zip: 50%
2024-09-18T00:24:41.454Z [Modules] Streaming discord_spellcheck@1 to /home/softmax/.config/discord/0.0.47/modules/pending/discord_spellcheck-1.zip: 51%
2024-09-18T00:24:41.467Z [Modules] Streaming discord_spellcheck@1 to /home/softmax/.config/discord/0.0.47/modules/pending/discord_spellcheck-1.zip: 52%
2024-09-18T00:24:41.480Z [Modules] Streaming discord_spellcheck@1 to /home/softmax/.config/discord/0.0.47/modules/pending/discord_spellcheck-1.zip: 53%
2024-09-18T00:24:41.491Z [Modules] Streaming discord_spellcheck@1 to /home/softmax/.config/discord/0.0.47/modules/pending/discord_spellcheck-1.zip: 54%
2024-09-18T00:24:41.503Z [Modules] Streaming discord_spellcheck@1 to /home/softmax/.config/discord/0.0.47/modules/pending/discord_spellcheck-1.zip: 55%
2024-09-18T00:24:41.514Z [Modules] Streaming discord_spellcheck@1 to /home/softmax/.config/discord/0.0.47/modules/pending/discord_spellcheck-1.zip: 56%
2024-09-18T00:24:41.529Z [Modules] Streaming discord_spellcheck@1 to /home/softmax/.config/discord/0.0.47/modules/pending/discord_spellcheck-1.zip: 57%
2024-09-18T00:24:41.539Z [Modules] Streaming discord_spellcheck@1 to /home/softmax/.config/discord/0.0.47/modules/pending/discord_spellcheck-1.zip: 58%
2024-09-18T00:24:41.551Z [Modules] Streaming discord_spellcheck@1 to /home/softmax/.config/discord/0.0.47/modules/pending/discord_spellcheck-1.zip: 59%
2024-09-18T00:24:41.563Z [Modules] Streaming discord_spellcheck@1 to /home/softmax/.config/discord/0.0.47/modules/pending/discord_spellcheck-1.zip: 60%
2024-09-18T00:24:41.575Z [Modules] Streaming discord_spellcheck@1 to /home/softmax/.config/discord/0.0.47/modules/pending/discord_spellcheck-1.zip: 61%
2024-09-18T00:24:41.586Z [Modules] Streaming discord_spellcheck@1 to /home/softmax/.config/discord/0.0.47/modules/pending/discord_spellcheck-1.zip: 62%
2024-09-18T00:24:41.600Z [Modules] Streaming discord_spellcheck@1 to /home/softmax/.config/discord/0.0.47/modules/pending/discord_spellcheck-1.zip: 63%
2024-09-18T00:24:41.611Z [Modules] Streaming discord_spellcheck@1 to /home/softmax/.config/discord/0.0.47/modules/pending/discord_spellcheck-1.zip: 64%
2024-09-18T00:24:41.624Z [Modules] Streaming discord_spellcheck@1 to /home/softmax/.config/discord/0.0.47/modules/pending/discord_spellcheck-1.zip: 65%
2024-09-18T00:24:41.634Z [Modules] Streaming discord_spellcheck@1 to /home/softmax/.config/discord/0.0.47/modules/pending/discord_spellcheck-1.zip: 66%
2024-09-18T00:24:41.645Z [Modules] Streaming discord_spellcheck@1 to /home/softmax/.config/discord/0.0.47/modules/pending/discord_spellcheck-1.zip: 67%
2024-09-18T00:24:41.658Z [Modules] Streaming discord_spellcheck@1 to /home/softmax/.config/discord/0.0.47/modules/pending/discord_spellcheck-1.zip: 68%
2024-09-18T00:24:41.671Z [Modules] Streaming discord_spellcheck@1 to /home/softmax/.config/discord/0.0.47/modules/pending/discord_spellcheck-1.zip: 69%
2024-09-18T00:24:41.683Z [Modules] Streaming discord_spellcheck@1 to /home/softmax/.config/discord/0.0.47/modules/pending/discord_spellcheck-1.zip: 70%
2024-09-18T00:24:41.695Z [Modules] Streaming discord_spellcheck@1 to /home/softmax/.config/discord/0.0.47/modules/pending/discord_spellcheck-1.zip: 71%
2024-09-18T00:24:41.706Z [Modules] Streaming discord_spellcheck@1 to /home/softmax/.config/discord/0.0.47/modules/pending/discord_spellcheck-1.zip: 72%
2024-09-18T00:24:41.718Z [Modules] Streaming discord_spellcheck@1 to /home/softmax/.config/discord/0.0.47/modules/pending/discord_spellcheck-1.zip: 73%
2024-09-18T00:24:41.732Z [Modules] Streaming discord_spellcheck@1 to /home/softmax/.config/discord/0.0.47/modules/pending/discord_spellcheck-1.zip: 74%
2024-09-18T00:24:41.743Z [Modules] Streaming discord_spellcheck@1 to /home/softmax/.config/discord/0.0.47/modules/pending/discord_spellcheck-1.zip: 75%
2024-09-18T00:24:41.755Z [Modules] Streaming discord_spellcheck@1 to /home/softmax/.config/discord/0.0.47/modules/pending/discord_spellcheck-1.zip: 76%
2024-09-18T00:24:41.770Z [Modules] Streaming discord_spellcheck@1 to /home/softmax/.config/discord/0.0.47/modules/pending/discord_spellcheck-1.zip: 77%
2024-09-18T00:24:41.779Z [Modules] Streaming discord_spellcheck@1 to /home/softmax/.config/discord/0.0.47/modules/pending/discord_spellcheck-1.zip: 78%
2024-09-18T00:24:41.789Z [Modules] Streaming discord_spellcheck@1 to /home/softmax/.config/discord/0.0.47/modules/pending/discord_spellcheck-1.zip: 79%
2024-09-18T00:24:41.803Z [Modules] Streaming discord_spellcheck@1 to /home/softmax/.config/discord/0.0.47/modules/pending/discord_spellcheck-1.zip: 80%
2024-09-18T00:24:41.814Z [Modules] Streaming discord_spellcheck@1 to /home/softmax/.config/discord/0.0.47/modules/pending/discord_spellcheck-1.zip: 81%
2024-09-18T00:24:41.826Z [Modules] Streaming discord_spellcheck@1 to /home/softmax/.config/discord/0.0.47/modules/pending/discord_spellcheck-1.zip: 82%
2024-09-18T00:24:41.838Z [Modules] Streaming discord_spellcheck@1 to /home/softmax/.config/discord/0.0.47/modules/pending/discord_spellcheck-1.zip: 83%
2024-09-18T00:24:41.849Z [Modules] Streaming discord_spellcheck@1 to /home/softmax/.config/discord/0.0.47/modules/pending/discord_spellcheck-1.zip: 84%
2024-09-18T00:24:41.861Z [Modules] Streaming discord_spellcheck@1 to /home/softmax/.config/discord/0.0.47/modules/pending/discord_spellcheck-1.zip: 85%
2024-09-18T00:24:41.875Z [Modules] Streaming discord_spellcheck@1 to /home/softmax/.config/discord/0.0.47/modules/pending/discord_spellcheck-1.zip: 86%
2024-09-18T00:24:41.889Z [Modules] Streaming discord_spellcheck@1 to /home/softmax/.config/discord/0.0.47/modules/pending/discord_spellcheck-1.zip: 87%
2024-09-18T00:24:41.900Z [Modules] Streaming discord_spellcheck@1 to /home/softmax/.config/discord/0.0.47/modules/pending/discord_spellcheck-1.zip: 88%
2024-09-18T00:24:41.912Z [Modules] Streaming discord_spellcheck@1 to /home/softmax/.config/discord/0.0.47/modules/pending/discord_spellcheck-1.zip: 89%
2024-09-18T00:24:41.923Z [Modules] Streaming discord_spellcheck@1 to /home/softmax/.config/discord/0.0.47/modules/pending/discord_spellcheck-1.zip: 90%
2024-09-18T00:24:41.935Z [Modules] Streaming discord_spellcheck@1 to /home/softmax/.config/discord/0.0.47/modules/pending/discord_spellcheck-1.zip: 91%
2024-09-18T00:24:41.949Z [Modules] Streaming discord_spellcheck@1 to /home/softmax/.config/discord/0.0.47/modules/pending/discord_spellcheck-1.zip: 92%
2024-09-18T00:24:41.963Z [Modules] Streaming discord_spellcheck@1 to /home/softmax/.config/discord/0.0.47/modules/pending/discord_spellcheck-1.zip: 93%
2024-09-18T00:24:41.972Z [Modules] Streaming discord_spellcheck@1 to /home/softmax/.config/discord/0.0.47/modules/pending/discord_spellcheck-1.zip: 94%
2024-09-18T00:24:41.984Z [Modules] Streaming discord_spellcheck@1 to /home/softmax/.config/discord/0.0.47/modules/pending/discord_spellcheck-1.zip: 95%
2024-09-18T00:24:41.995Z [Modules] Streaming discord_spellcheck@1 to /home/softmax/.config/discord/0.0.47/modules/pending/discord_spellcheck-1.zip: 96%
2024-09-18T00:24:42.009Z [Modules] Streaming discord_spellcheck@1 to /home/softmax/.config/discord/0.0.47/modules/pending/discord_spellcheck-1.zip: 97%
2024-09-18T00:24:42.021Z [Modules] Streaming discord_spellcheck@1 to /home/softmax/.config/discord/0.0.47/modules/pending/discord_spellcheck-1.zip: 98%
2024-09-18T00:24:42.032Z [Modules] Streaming discord_spellcheck@1 to /home/softmax/.config/discord/0.0.47/modules/pending/discord_spellcheck-1.zip: 99%
2024-09-18T00:24:42.043Z [Modules] Streaming discord_spellcheck@1 to /home/softmax/.config/discord/0.0.47/modules/pending/discord_spellcheck-1.zip: 100%
2024-09-18T00:24:42.044Z [Modules] Fetching discord_utils@1 from https://discord.com/api/modules/stable/discord_utils/1
2024-09-18T00:24:42.044Z [Modules] Streaming discord_utils@1 to /home/softmax/.config/discord/0.0.47/modules/pending/discord_utils-1.zip
2024-09-18T00:24:42.218Z [Modules] Streaming discord_utils@1 to /home/softmax/.config/discord/0.0.47/modules/pending/discord_utils-1.zip: 2%
2024-09-18T00:24:42.219Z [Modules] Streaming discord_utils@1 to /home/softmax/.config/discord/0.0.47/modules/pending/discord_utils-1.zip: 4%
2024-09-18T00:24:42.220Z [Modules] Streaming discord_utils@1 to /home/softmax/.config/discord/0.0.47/modules/pending/discord_utils-1.zip: 6%
2024-09-18T00:24:42.221Z [Modules] Streaming discord_utils@1 to /home/softmax/.config/discord/0.0.47/modules/pending/discord_utils-1.zip: 8%
2024-09-18T00:24:42.222Z [Modules] Streaming discord_utils@1 to /home/softmax/.config/discord/0.0.47/modules/pending/discord_utils-1.zip: 9%
2024-09-18T00:24:42.226Z [Modules] Streaming discord_utils@1 to /home/softmax/.config/discord/0.0.47/modules/pending/discord_utils-1.zip: 11%
2024-09-18T00:24:42.227Z [Modules] Streaming discord_utils@1 to /home/softmax/.config/discord/0.0.47/modules/pending/discord_utils-1.zip: 13%
2024-09-18T00:24:42.227Z [Modules] Streaming discord_utils@1 to /home/softmax/.config/discord/0.0.47/modules/pending/discord_utils-1.zip: 14%
2024-09-18T00:24:42.228Z [Modules] Streaming discord_utils@1 to /home/softmax/.config/discord/0.0.47/modules/pending/discord_utils-1.zip: 16%
2024-09-18T00:24:42.229Z [Modules] Streaming discord_utils@1 to /home/softmax/.config/discord/0.0.47/modules/pending/discord_utils-1.zip: 18%
2024-09-18T00:24:42.229Z [Modules] Streaming discord_utils@1 to /home/softmax/.config/discord/0.0.47/modules/pending/discord_utils-1.zip: 19%
2024-09-18T00:24:42.230Z [Modules] Streaming discord_utils@1 to /home/softmax/.config/discord/0.0.47/modules/pending/discord_utils-1.zip: 21%
2024-09-18T00:24:42.231Z [Modules] Streaming discord_utils@1 to /home/softmax/.config/discord/0.0.47/modules/pending/discord_utils-1.zip: 24%
2024-09-18T00:24:42.232Z [Modules] Streaming discord_utils@1 to /home/softmax/.config/discord/0.0.47/modules/pending/discord_utils-1.zip: 26%
2024-09-18T00:24:42.234Z [Modules] Streaming discord_utils@1 to /home/softmax/.config/discord/0.0.47/modules/pending/discord_utils-1.zip: 28%
2024-09-18T00:24:42.236Z [Modules] Streaming discord_utils@1 to /home/softmax/.config/discord/0.0.47/modules/pending/discord_utils-1.zip: 30%
2024-09-18T00:24:42.237Z [Modules] Streaming discord_utils@1 to /home/softmax/.config/discord/0.0.47/modules/pending/discord_utils-1.zip: 32%
2024-09-18T00:24:42.238Z [Modules] Streaming discord_utils@1 to /home/softmax/.config/discord/0.0.47/modules/pending/discord_utils-1.zip: 33%
2024-09-18T00:24:42.246Z [Modules] Streaming discord_utils@1 to /home/softmax/.config/discord/0.0.47/modules/pending/discord_utils-1.zip: 35%
2024-09-18T00:24:42.246Z [Modules] Streaming discord_utils@1 to /home/softmax/.config/discord/0.0.47/modules/pending/discord_utils-1.zip: 37%
2024-09-18T00:24:42.247Z [Modules] Streaming discord_utils@1 to /home/softmax/.config/discord/0.0.47/modules/pending/discord_utils-1.zip: 39%
2024-09-18T00:24:42.248Z [Modules] Streaming discord_utils@1 to /home/softmax/.config/discord/0.0.47/modules/pending/discord_utils-1.zip: 42%
2024-09-18T00:24:42.249Z [Modules] Streaming discord_utils@1 to /home/softmax/.config/discord/0.0.47/modules/pending/discord_utils-1.zip: 44%
2024-09-18T00:24:42.250Z [Modules] Streaming discord_utils@1 to /home/softmax/.config/discord/0.0.47/modules/pending/discord_utils-1.zip: 46%
2024-09-18T00:24:42.251Z [Modules] Streaming discord_utils@1 to /home/softmax/.config/discord/0.0.47/modules/pending/discord_utils-1.zip: 48%
2024-09-18T00:24:42.252Z [Modules] Streaming discord_utils@1 to /home/softmax/.config/discord/0.0.47/modules/pending/discord_utils-1.zip: 50%
2024-09-18T00:24:42.252Z [Modules] Streaming discord_utils@1 to /home/softmax/.config/discord/0.0.47/modules/pending/discord_utils-1.zip: 52%
2024-09-18T00:24:42.253Z [Modules] Streaming discord_utils@1 to /home/softmax/.config/discord/0.0.47/modules/pending/discord_utils-1.zip: 54%
2024-09-18T00:24:42.254Z [Modules] Streaming discord_utils@1 to /home/softmax/.config/discord/0.0.47/modules/pending/discord_utils-1.zip: 56%
2024-09-18T00:24:42.255Z [Modules] Streaming discord_utils@1 to /home/softmax/.config/discord/0.0.47/modules/pending/discord_utils-1.zip: 58%
2024-09-18T00:24:42.256Z [Modules] Streaming discord_utils@1 to /home/softmax/.config/discord/0.0.47/modules/pending/discord_utils-1.zip: 60%
2024-09-18T00:24:42.256Z [Modules] Streaming discord_utils@1 to /home/softmax/.config/discord/0.0.47/modules/pending/discord_utils-1.zip: 62%
2024-09-18T00:24:42.257Z [Modules] Streaming discord_utils@1 to /home/softmax/.config/discord/0.0.47/modules/pending/discord_utils-1.zip: 64%
2024-09-18T00:24:42.258Z [Modules] Streaming discord_utils@1 to /home/softmax/.config/discord/0.0.47/modules/pending/discord_utils-1.zip: 66%
2024-09-18T00:24:42.258Z [Modules] Streaming discord_utils@1 to /home/softmax/.config/discord/0.0.47/modules/pending/discord_utils-1.zip: 67%
2024-09-18T00:24:42.260Z [Modules] Streaming discord_utils@1 to /home/softmax/.config/discord/0.0.47/modules/pending/discord_utils-1.zip: 69%
2024-09-18T00:24:42.260Z [Modules] Streaming discord_utils@1 to /home/softmax/.config/discord/0.0.47/modules/pending/discord_utils-1.zip: 70%
2024-09-18T00:24:42.260Z [Modules] Streaming discord_utils@1 to /home/softmax/.config/discord/0.0.47/modules/pending/discord_utils-1.zip: 73%
2024-09-18T00:24:42.261Z [Modules] Streaming discord_utils@1 to /home/softmax/.config/discord/0.0.47/modules/pending/discord_utils-1.zip: 75%
2024-09-18T00:24:42.262Z [Modules] Streaming discord_utils@1 to /home/softmax/.config/discord/0.0.47/modules/pending/discord_utils-1.zip: 77%
2024-09-18T00:24:42.262Z [Modules] Streaming discord_utils@1 to /home/softmax/.config/discord/0.0.47/modules/pending/discord_utils-1.zip: 78%
2024-09-18T00:24:42.263Z [Modules] Streaming discord_utils@1 to /home/softmax/.config/discord/0.0.47/modules/pending/discord_utils-1.zip: 80%
2024-09-18T00:24:42.264Z [Modules] Streaming discord_utils@1 to /home/softmax/.config/discord/0.0.47/modules/pending/discord_utils-1.zip: 82%
2024-09-18T00:24:42.264Z [Modules] Streaming discord_utils@1 to /home/softmax/.config/discord/0.0.47/modules/pending/discord_utils-1.zip: 83%
2024-09-18T00:24:42.265Z [Modules] Streaming discord_utils@1 to /home/softmax/.config/discord/0.0.47/modules/pending/discord_utils-1.zip: 85%
2024-09-18T00:24:42.265Z [Modules] Streaming discord_utils@1 to /home/softmax/.config/discord/0.0.47/modules/pending/discord_utils-1.zip: 86%
2024-09-18T00:24:42.266Z [Modules] Streaming discord_utils@1 to /home/softmax/.config/discord/0.0.47/modules/pending/discord_utils-1.zip: 88%
2024-09-18T00:24:42.267Z [Modules] Streaming discord_utils@1 to /home/softmax/.config/discord/0.0.47/modules/pending/discord_utils-1.zip: 91%
2024-09-18T00:24:42.267Z [Modules] Streaming discord_utils@1 to /home/softmax/.config/discord/0.0.47/modules/pending/discord_utils-1.zip: 93%
2024-09-18T00:24:42.268Z [Modules] Streaming discord_utils@1 to /home/softmax/.config/discord/0.0.47/modules/pending/discord_utils-1.zip: 95%
2024-09-18T00:24:42.270Z [Modules] Streaming discord_utils@1 to /home/softmax/.config/discord/0.0.47/modules/pending/discord_utils-1.zip: 97%
2024-09-18T00:24:42.270Z [Modules] Streaming discord_utils@1 to /home/softmax/.config/discord/0.0.47/modules/pending/discord_utils-1.zip: 99%
2024-09-18T00:24:42.271Z [Modules] Streaming discord_utils@1 to /home/softmax/.config/discord/0.0.47/modules/pending/discord_utils-1.zip: 100%
2024-09-18T00:24:42.271Z [Modules] Fetching discord_voice@1 from https://discord.com/api/modules/stable/discord_voice/1
2024-09-18T00:24:42.271Z [Modules] Streaming discord_voice@1 to /home/softmax/.config/discord/0.0.47/modules/pending/discord_voice-1.zip
2024-09-18T00:24:42.637Z [Modules] Streaming discord_voice@1 to /home/softmax/.config/discord/0.0.47/modules/pending/discord_voice-1.zip: 1%
2024-09-18T00:24:42.655Z [Modules] Streaming discord_voice@1 to /home/softmax/.config/discord/0.0.47/modules/pending/discord_voice-1.zip: 2%
2024-09-18T00:24:42.671Z [Modules] Streaming discord_voice@1 to /home/softmax/.config/discord/0.0.47/modules/pending/discord_voice-1.zip: 3%
2024-09-18T00:24:42.678Z [Modules] Streaming discord_voice@1 to /home/softmax/.config/discord/0.0.47/modules/pending/discord_voice-1.zip: 4%
2024-09-18T00:24:42.694Z [Modules] Streaming discord_voice@1 to /home/softmax/.config/discord/0.0.47/modules/pending/discord_voice-1.zip: 5%
2024-09-18T00:24:42.698Z [Modules] Streaming discord_voice@1 to /home/softmax/.config/discord/0.0.47/modules/pending/discord_voice-1.zip: 6%
2024-09-18T00:24:42.705Z [Modules] Streaming discord_voice@1 to /home/softmax/.config/discord/0.0.47/modules/pending/discord_voice-1.zip: 7%
2024-09-18T00:24:42.709Z [Modules] Streaming discord_voice@1 to /home/softmax/.config/discord/0.0.47/modules/pending/discord_voice-1.zip: 8%
2024-09-18T00:24:42.714Z [Modules] Streaming discord_voice@1 to /home/softmax/.config/discord/0.0.47/modules/pending/discord_voice-1.zip: 9%
2024-09-18T00:24:42.721Z [Modules] Streaming discord_voice@1 to /home/softmax/.config/discord/0.0.47/modules/pending/discord_voice-1.zip: 10%
2024-09-18T00:24:42.727Z [Modules] Streaming discord_voice@1 to /home/softmax/.config/discord/0.0.47/modules/pending/discord_voice-1.zip: 11%
2024-09-18T00:24:42.730Z [Modules] Streaming discord_voice@1 to /home/softmax/.config/discord/0.0.47/modules/pending/discord_voice-1.zip: 12%
2024-09-18T00:24:42.733Z [Modules] Streaming discord_voice@1 to /home/softmax/.config/discord/0.0.47/modules/pending/discord_voice-1.zip: 13%
2024-09-18T00:24:42.736Z [Modules] Streaming discord_voice@1 to /home/softmax/.config/discord/0.0.47/modules/pending/discord_voice-1.zip: 14%
2024-09-18T00:24:42.739Z [Modules] Streaming discord_voice@1 to /home/softmax/.config/discord/0.0.47/modules/pending/discord_voice-1.zip: 15%
2024-09-18T00:24:42.743Z [Modules] Streaming discord_voice@1 to /home/softmax/.config/discord/0.0.47/modules/pending/discord_voice-1.zip: 16%
2024-09-18T00:24:42.747Z [Modules] Streaming discord_voice@1 to /home/softmax/.config/discord/0.0.47/modules/pending/discord_voice-1.zip: 17%
2024-09-18T00:24:42.751Z [Modules] Streaming discord_voice@1 to /home/softmax/.config/discord/0.0.47/modules/pending/discord_voice-1.zip: 18%
2024-09-18T00:24:42.754Z [Modules] Streaming discord_voice@1 to /home/softmax/.config/discord/0.0.47/modules/pending/discord_voice-1.zip: 19%
2024-09-18T00:24:42.757Z [Modules] Streaming discord_voice@1 to /home/softmax/.config/discord/0.0.47/modules/pending/discord_voice-1.zip: 20%
2024-09-18T00:24:42.760Z [Modules] Streaming discord_voice@1 to /home/softmax/.config/discord/0.0.47/modules/pending/discord_voice-1.zip: 21%
2024-09-18T00:24:42.763Z [Modules] Streaming discord_voice@1 to /home/softmax/.config/discord/0.0.47/modules/pending/discord_voice-1.zip: 22%
2024-09-18T00:24:42.766Z [Modules] Streaming discord_voice@1 to /home/softmax/.config/discord/0.0.47/modules/pending/discord_voice-1.zip: 23%
2024-09-18T00:24:42.769Z [Modules] Streaming discord_voice@1 to /home/softmax/.config/discord/0.0.47/modules/pending/discord_voice-1.zip: 24%
2024-09-18T00:24:42.773Z [Modules] Streaming discord_voice@1 to /home/softmax/.config/discord/0.0.47/modules/pending/discord_voice-1.zip: 25%
2024-09-18T00:24:42.776Z [Modules] Streaming discord_voice@1 to /home/softmax/.config/discord/0.0.47/modules/pending/discord_voice-1.zip: 26%
2024-09-18T00:24:42.781Z [Modules] Streaming discord_voice@1 to /home/softmax/.config/discord/0.0.47/modules/pending/discord_voice-1.zip: 27%
2024-09-18T00:24:42.785Z [Modules] Streaming discord_voice@1 to /home/softmax/.config/discord/0.0.47/modules/pending/discord_voice-1.zip: 28%
2024-09-18T00:24:42.788Z [Modules] Streaming discord_voice@1 to /home/softmax/.config/discord/0.0.47/modules/pending/discord_voice-1.zip: 29%
2024-09-18T00:24:42.791Z [Modules] Streaming discord_voice@1 to /home/softmax/.config/discord/0.0.47/modules/pending/discord_voice-1.zip: 30%
2024-09-18T00:24:42.796Z [Modules] Streaming discord_voice@1 to /home/softmax/.config/discord/0.0.47/modules/pending/discord_voice-1.zip: 31%
2024-09-18T00:24:42.804Z [Modules] Streaming discord_voice@1 to /home/softmax/.config/discord/0.0.47/modules/pending/discord_voice-1.zip: 32%
2024-09-18T00:24:42.808Z [Modules] Streaming discord_voice@1 to /home/softmax/.config/discord/0.0.47/modules/pending/discord_voice-1.zip: 33%
2024-09-18T00:24:42.811Z [Modules] Streaming discord_voice@1 to /home/softmax/.config/discord/0.0.47/modules/pending/discord_voice-1.zip: 34%
2024-09-18T00:24:42.817Z [Modules] Streaming discord_voice@1 to /home/softmax/.config/discord/0.0.47/modules/pending/discord_voice-1.zip: 35%
2024-09-18T00:24:42.821Z [Modules] Streaming discord_voice@1 to /home/softmax/.config/discord/0.0.47/modules/pending/discord_voice-1.zip: 36%
2024-09-18T00:24:42.830Z [Modules] Streaming discord_voice@1 to /home/softmax/.config/discord/0.0.47/modules/pending/discord_voice-1.zip: 37%
2024-09-18T00:24:42.832Z [Modules] Streaming discord_voice@1 to /home/softmax/.config/discord/0.0.47/modules/pending/discord_voice-1.zip: 38%
2024-09-18T00:24:42.836Z [Modules] Streaming discord_voice@1 to /home/softmax/.config/discord/0.0.47/modules/pending/discord_voice-1.zip: 39%
2024-09-18T00:24:42.839Z [Modules] Streaming discord_voice@1 to /home/softmax/.config/discord/0.0.47/modules/pending/discord_voice-1.zip: 40%
2024-09-18T00:24:42.842Z [Modules] Streaming discord_voice@1 to /home/softmax/.config/discord/0.0.47/modules/pending/discord_voice-1.zip: 41%
2024-09-18T00:24:42.847Z [Modules] Streaming discord_voice@1 to /home/softmax/.config/discord/0.0.47/modules/pending/discord_voice-1.zip: 42%
2024-09-18T00:24:42.854Z [Modules] Streaming discord_voice@1 to /home/softmax/.config/discord/0.0.47/modules/pending/discord_voice-1.zip: 43%
2024-09-18T00:24:42.862Z [Modules] Streaming discord_voice@1 to /home/softmax/.config/discord/0.0.47/modules/pending/discord_voice-1.zip: 44%
2024-09-18T00:24:42.868Z [Modules] Streaming discord_voice@1 to /home/softmax/.config/discord/0.0.47/modules/pending/discord_voice-1.zip: 45%
2024-09-18T00:24:42.874Z [Modules] Streaming discord_voice@1 to /home/softmax/.config/discord/0.0.47/modules/pending/discord_voice-1.zip: 46%
2024-09-18T00:24:42.878Z [Modules] Streaming discord_voice@1 to /home/softmax/.config/discord/0.0.47/modules/pending/discord_voice-1.zip: 47%
2024-09-18T00:24:42.881Z [Modules] Streaming discord_voice@1 to /home/softmax/.config/discord/0.0.47/modules/pending/discord_voice-1.zip: 48%
2024-09-18T00:24:42.884Z [Modules] Streaming discord_voice@1 to /home/softmax/.config/discord/0.0.47/modules/pending/discord_voice-1.zip: 49%
2024-09-18T00:24:42.888Z [Modules] Streaming discord_voice@1 to /home/softmax/.config/discord/0.0.47/modules/pending/discord_voice-1.zip: 50%
2024-09-18T00:24:42.894Z [Modules] Streaming discord_voice@1 to /home/softmax/.config/discord/0.0.47/modules/pending/discord_voice-1.zip: 51%
2024-09-18T00:24:42.900Z [Modules] Streaming discord_voice@1 to /home/softmax/.config/discord/0.0.47/modules/pending/discord_voice-1.zip: 52%
2024-09-18T00:24:42.900Z [Modules] Streaming discord_voice@1 to /home/softmax/.config/discord/0.0.47/modules/pending/discord_voice-1.zip: 53%
2024-09-18T00:24:42.903Z [Modules] Streaming discord_voice@1 to /home/softmax/.config/discord/0.0.47/modules/pending/discord_voice-1.zip: 54%
2024-09-18T00:24:42.907Z [Modules] Streaming discord_voice@1 to /home/softmax/.config/discord/0.0.47/modules/pending/discord_voice-1.zip: 55%
2024-09-18T00:24:42.910Z [Modules] Streaming discord_voice@1 to /home/softmax/.config/discord/0.0.47/modules/pending/discord_voice-1.zip: 56%
2024-09-18T00:24:42.913Z [Modules] Streaming discord_voice@1 to /home/softmax/.config/discord/0.0.47/modules/pending/discord_voice-1.zip: 57%
2024-09-18T00:24:42.918Z [Modules] Streaming discord_voice@1 to /home/softmax/.config/discord/0.0.47/modules/pending/discord_voice-1.zip: 58%
2024-09-18T00:24:42.922Z [Modules] Streaming discord_voice@1 to /home/softmax/.config/discord/0.0.47/modules/pending/discord_voice-1.zip: 59%
2024-09-18T00:24:42.925Z [Modules] Streaming discord_voice@1 to /home/softmax/.config/discord/0.0.47/modules/pending/discord_voice-1.zip: 60%
2024-09-18T00:24:42.929Z [Modules] Streaming discord_voice@1 to /home/softmax/.config/discord/0.0.47/modules/pending/discord_voice-1.zip: 61%
2024-09-18T00:24:42.932Z [Modules] Streaming discord_voice@1 to /home/softmax/.config/discord/0.0.47/modules/pending/discord_voice-1.zip: 62%
2024-09-18T00:24:42.935Z [Modules] Streaming discord_voice@1 to /home/softmax/.config/discord/0.0.47/modules/pending/discord_voice-1.zip: 63%
2024-09-18T00:24:42.939Z [Modules] Streaming discord_voice@1 to /home/softmax/.config/discord/0.0.47/modules/pending/discord_voice-1.zip: 64%
2024-09-18T00:24:42.945Z [Modules] Streaming discord_voice@1 to /home/softmax/.config/discord/0.0.47/modules/pending/discord_voice-1.zip: 65%
2024-09-18T00:24:42.949Z [Modules] Streaming discord_voice@1 to /home/softmax/.config/discord/0.0.47/modules/pending/discord_voice-1.zip: 66%
2024-09-18T00:24:42.952Z [Modules] Streaming discord_voice@1 to /home/softmax/.config/discord/0.0.47/modules/pending/discord_voice-1.zip: 67%
2024-09-18T00:24:42.955Z [Modules] Streaming discord_voice@1 to /home/softmax/.config/discord/0.0.47/modules/pending/discord_voice-1.zip: 68%
2024-09-18T00:24:42.959Z [Modules] Streaming discord_voice@1 to /home/softmax/.config/discord/0.0.47/modules/pending/discord_voice-1.zip: 69%
2024-09-18T00:24:42.963Z [Modules] Streaming discord_voice@1 to /home/softmax/.config/discord/0.0.47/modules/pending/discord_voice-1.zip: 70%
2024-09-18T00:24:42.966Z [Modules] Streaming discord_voice@1 to /home/softmax/.config/discord/0.0.47/modules/pending/discord_voice-1.zip: 71%
2024-09-18T00:24:42.973Z [Modules] Streaming discord_voice@1 to /home/softmax/.config/discord/0.0.47/modules/pending/discord_voice-1.zip: 72%
2024-09-18T00:24:42.975Z [Modules] Streaming discord_voice@1 to /home/softmax/.config/discord/0.0.47/modules/pending/discord_voice-1.zip: 73%
2024-09-18T00:24:42.981Z [Modules] Streaming discord_voice@1 to /home/softmax/.config/discord/0.0.47/modules/pending/discord_voice-1.zip: 74%
2024-09-18T00:24:42.985Z [Modules] Streaming discord_voice@1 to /home/softmax/.config/discord/0.0.47/modules/pending/discord_voice-1.zip: 75%
2024-09-18T00:24:42.989Z [Modules] Streaming discord_voice@1 to /home/softmax/.config/discord/0.0.47/modules/pending/discord_voice-1.zip: 76%
2024-09-18T00:24:42.992Z [Modules] Streaming discord_voice@1 to /home/softmax/.config/discord/0.0.47/modules/pending/discord_voice-1.zip: 77%
2024-09-18T00:24:42.995Z [Modules] Streaming discord_voice@1 to /home/softmax/.config/discord/0.0.47/modules/pending/discord_voice-1.zip: 78%
2024-09-18T00:24:43.003Z [Modules] Streaming discord_voice@1 to /home/softmax/.config/discord/0.0.47/modules/pending/discord_voice-1.zip: 79%
2024-09-18T00:24:43.008Z [Modules] Streaming discord_voice@1 to /home/softmax/.config/discord/0.0.47/modules/pending/discord_voice-1.zip: 80%
2024-09-18T00:24:43.011Z [Modules] Streaming discord_voice@1 to /home/softmax/.config/discord/0.0.47/modules/pending/discord_voice-1.zip: 81%
2024-09-18T00:24:43.013Z [Modules] Streaming discord_voice@1 to /home/softmax/.config/discord/0.0.47/modules/pending/discord_voice-1.zip: 82%
2024-09-18T00:24:43.017Z [Modules] Streaming discord_voice@1 to /home/softmax/.config/discord/0.0.47/modules/pending/discord_voice-1.zip: 83%
2024-09-18T00:24:43.020Z [Modules] Streaming discord_voice@1 to /home/softmax/.config/discord/0.0.47/modules/pending/discord_voice-1.zip: 84%
2024-09-18T00:24:43.026Z [Modules] Streaming discord_voice@1 to /home/softmax/.config/discord/0.0.47/modules/pending/discord_voice-1.zip: 85%
2024-09-18T00:24:43.035Z [Modules] Streaming discord_voice@1 to /home/softmax/.config/discord/0.0.47/modules/pending/discord_voice-1.zip: 86%
2024-09-18T00:24:43.039Z [Modules] Streaming discord_voice@1 to /home/softmax/.config/discord/0.0.47/modules/pending/discord_voice-1.zip: 87%
2024-09-18T00:24:43.044Z [Modules] Streaming discord_voice@1 to /home/softmax/.config/discord/0.0.47/modules/pending/discord_voice-1.zip: 88%
2024-09-18T00:24:43.050Z [Modules] Streaming discord_voice@1 to /home/softmax/.config/discord/0.0.47/modules/pending/discord_voice-1.zip: 89%
2024-09-18T00:24:43.056Z [Modules] Streaming discord_voice@1 to /home/softmax/.config/discord/0.0.47/modules/pending/discord_voice-1.zip: 90%
2024-09-18T00:24:43.059Z [Modules] Streaming discord_voice@1 to /home/softmax/.config/discord/0.0.47/modules/pending/discord_voice-1.zip: 91%
2024-09-18T00:24:43.063Z [Modules] Streaming discord_voice@1 to /home/softmax/.config/discord/0.0.47/modules/pending/discord_voice-1.zip: 92%
2024-09-18T00:24:43.067Z [Modules] Streaming discord_voice@1 to /home/softmax/.config/discord/0.0.47/modules/pending/discord_voice-1.zip: 93%
2024-09-18T00:24:43.069Z [Modules] Streaming discord_voice@1 to /home/softmax/.config/discord/0.0.47/modules/pending/discord_voice-1.zip: 94%
2024-09-18T00:24:43.072Z [Modules] Streaming discord_voice@1 to /home/softmax/.config/discord/0.0.47/modules/pending/discord_voice-1.zip: 95%
2024-09-18T00:24:43.075Z [Modules] Streaming discord_voice@1 to /home/softmax/.config/discord/0.0.47/modules/pending/discord_voice-1.zip: 96%
2024-09-18T00:24:43.079Z [Modules] Streaming discord_voice@1 to /home/softmax/.config/discord/0.0.47/modules/pending/discord_voice-1.zip: 97%
2024-09-18T00:24:43.090Z [Modules] Streaming discord_voice@1 to /home/softmax/.config/discord/0.0.47/modules/pending/discord_voice-1.zip: 98%
2024-09-18T00:24:43.090Z [Modules] Streaming discord_voice@1 to /home/softmax/.config/discord/0.0.47/modules/pending/discord_voice-1.zip: 99%
2024-09-18T00:24:43.091Z [Modules] Streaming discord_voice@1 to /home/softmax/.config/discord/0.0.47/modules/pending/discord_voice-1.zip: 100%
2024-09-18T00:24:43.092Z [Modules] Finished module downloads. [success: 5] [failure: 0]
2024-09-18T00:24:43.092Z [Modules] Installing updates...
2024-09-18T00:24:43.092Z [Modules] Installing discord_desktop_core@1 from /home/softmax/.config/discord/0.0.47/modules/pending/discord_desktop_core-1.zip
2024-09-18T00:24:43.148Z [Modules] Installing discord_erlpack@1 from /home/softmax/.config/discord/0.0.47/modules/pending/discord_erlpack-1.zip
2024-09-18T00:24:43.184Z [Modules] Installing discord_spellcheck@1 from /home/softmax/.config/discord/0.0.47/modules/pending/discord_spellcheck-1.zip
2024-09-18T00:24:43.588Z [Modules] Installing discord_utils@1 from /home/softmax/.config/discord/0.0.47/modules/pending/discord_utils-1.zip
2024-09-18T00:24:43.665Z [Modules] Installing discord_voice@1 from /home/softmax/.config/discord/0.0.47/modules/pending/discord_voice-1.zip
2024-09-18T00:24:44.082Z [Modules] Finished module installations. [success: 5] [failure: 0]
2024-09-18T00:24:44.082Z [Modules] Host is up to date.
2024-09-18T00:24:44.082Z [Modules] Checking for module updates at https://discord.com/api/modules/stable/versions.json
2024-09-18T00:24:44.085Z [Modules] No module updates available.
2024-09-18T00:24:44.965Z [Modules] Starting to install discord_krisp...
2024-09-18T00:24:44.965Z [Modules] Fetching discord_krisp@1 from https://discord.com/api/modules/stable/discord_krisp/1
2024-09-18T00:24:44.966Z [Modules] Streaming discord_krisp@1 to /home/softmax/.config/discord/0.0.47/modules/pending/discord_krisp-1.zip
2024-09-18T00:24:44.970Z [Modules] Starting to install discord_game_utils...
2024-09-18T00:24:45.000Z [Modules] Starting to install discord_zstd...
2024-09-18T00:24:45.297Z [Modules] Streaming discord_krisp@1 to /home/softmax/.config/discord/0.0.47/modules/pending/discord_krisp-1.zip: 1%
2024-09-18T00:24:45.297Z [Modules] Streaming discord_krisp@1 to /home/softmax/.config/discord/0.0.47/modules/pending/discord_krisp-1.zip: 2%
2024-09-18T00:24:45.304Z [Modules] Streaming discord_krisp@1 to /home/softmax/.config/discord/0.0.47/modules/pending/discord_krisp-1.zip: 3%
2024-09-18T00:24:45.322Z [Modules] Streaming discord_krisp@1 to /home/softmax/.config/discord/0.0.47/modules/pending/discord_krisp-1.zip: 4%
2024-09-18T00:24:45.338Z [Modules] Streaming discord_krisp@1 to /home/softmax/.config/discord/0.0.47/modules/pending/discord_krisp-1.zip: 5%
2024-09-18T00:24:45.343Z [Modules] Streaming discord_krisp@1 to /home/softmax/.config/discord/0.0.47/modules/pending/discord_krisp-1.zip: 6%
2024-09-18T00:24:45.343Z [Modules] Streaming discord_krisp@1 to /home/softmax/.config/discord/0.0.47/modules/pending/discord_krisp-1.zip: 7%
2024-09-18T00:24:45.357Z [Modules] Streaming discord_krisp@1 to /home/softmax/.config/discord/0.0.47/modules/pending/discord_krisp-1.zip: 8%
2024-09-18T00:24:45.379Z [Modules] Streaming discord_krisp@1 to /home/softmax/.config/discord/0.0.47/modules/pending/discord_krisp-1.zip: 9%
2024-09-18T00:24:45.420Z [Modules] Streaming discord_krisp@1 to /home/softmax/.config/discord/0.0.47/modules/pending/discord_krisp-1.zip: 10%
2024-09-18T00:24:45.423Z [Modules] Streaming discord_krisp@1 to /home/softmax/.config/discord/0.0.47/modules/pending/discord_krisp-1.zip: 11%
2024-09-18T00:24:45.424Z [Modules] Streaming discord_krisp@1 to /home/softmax/.config/discord/0.0.47/modules/pending/discord_krisp-1.zip: 12%
2024-09-18T00:24:45.424Z [Modules] Streaming discord_krisp@1 to /home/softmax/.config/discord/0.0.47/modules/pending/discord_krisp-1.zip: 13%
2024-09-18T00:24:45.425Z [Modules] Streaming discord_krisp@1 to /home/softmax/.config/discord/0.0.47/modules/pending/discord_krisp-1.zip: 14%
2024-09-18T00:24:45.425Z [Modules] Streaming discord_krisp@1 to /home/softmax/.config/discord/0.0.47/modules/pending/discord_krisp-1.zip: 15%
2024-09-18T00:24:45.426Z [Modules] Streaming discord_krisp@1 to /home/softmax/.config/discord/0.0.47/modules/pending/discord_krisp-1.zip: 16%
2024-09-18T00:24:45.426Z [Modules] Streaming discord_krisp@1 to /home/softmax/.config/discord/0.0.47/modules/pending/discord_krisp-1.zip: 17%
2024-09-18T00:24:45.427Z [Modules] Streaming discord_krisp@1 to /home/softmax/.config/discord/0.0.47/modules/pending/discord_krisp-1.zip: 18%
2024-09-18T00:24:45.435Z [Modules] Streaming discord_krisp@1 to /home/softmax/.config/discord/0.0.47/modules/pending/discord_krisp-1.zip: 19%
2024-09-18T00:24:45.445Z [Modules] Streaming discord_krisp@1 to /home/softmax/.config/discord/0.0.47/modules/pending/discord_krisp-1.zip: 20%
2024-09-18T00:24:45.494Z [Modules] Streaming discord_krisp@1 to /home/softmax/.config/discord/0.0.47/modules/pending/discord_krisp-1.zip: 21%
2024-09-18T00:24:45.494Z [Modules] Streaming discord_krisp@1 to /home/softmax/.config/discord/0.0.47/modules/pending/discord_krisp-1.zip: 22%
2024-09-18T00:24:45.494Z [Modules] Streaming discord_krisp@1 to /home/softmax/.config/discord/0.0.47/modules/pending/discord_krisp-1.zip: 23%
2024-09-18T00:24:45.496Z [Modules] Streaming discord_krisp@1 to /home/softmax/.config/discord/0.0.47/modules/pending/discord_krisp-1.zip: 24%
2024-09-18T00:24:45.496Z [Modules] Streaming discord_krisp@1 to /home/softmax/.config/discord/0.0.47/modules/pending/discord_krisp-1.zip: 25%
2024-09-18T00:24:45.534Z [Modules] Streaming discord_krisp@1 to /home/softmax/.config/discord/0.0.47/modules/pending/discord_krisp-1.zip: 26%
2024-09-18T00:24:45.569Z [Modules] Streaming discord_krisp@1 to /home/softmax/.config/discord/0.0.47/modules/pending/discord_krisp-1.zip: 27%
2024-09-18T00:24:45.576Z [Modules] Streaming discord_krisp@1 to /home/softmax/.config/discord/0.0.47/modules/pending/discord_krisp-1.zip: 28%
2024-09-18T00:24:45.584Z [Modules] Streaming discord_krisp@1 to /home/softmax/.config/discord/0.0.47/modules/pending/discord_krisp-1.zip: 29%
2024-09-18T00:24:45.585Z [Modules] Streaming discord_krisp@1 to /home/softmax/.config/discord/0.0.47/modules/pending/discord_krisp-1.zip: 30%
2024-09-18T00:24:45.585Z [Modules] Streaming discord_krisp@1 to /home/softmax/.config/discord/0.0.47/modules/pending/discord_krisp-1.zip: 31%
2024-09-18T00:24:45.586Z [Modules] Streaming discord_krisp@1 to /home/softmax/.config/discord/0.0.47/modules/pending/discord_krisp-1.zip: 32%
2024-09-18T00:24:45.586Z [Modules] Streaming discord_krisp@1 to /home/softmax/.config/discord/0.0.47/modules/pending/discord_krisp-1.zip: 33%
2024-09-18T00:24:45.587Z [Modules] Streaming discord_krisp@1 to /home/softmax/.config/discord/0.0.47/modules/pending/discord_krisp-1.zip: 34%
2024-09-18T00:24:45.588Z [Modules] Streaming discord_krisp@1 to /home/softmax/.config/discord/0.0.47/modules/pending/discord_krisp-1.zip: 35%
2024-09-18T00:24:45.588Z [Modules] Streaming discord_krisp@1 to /home/softmax/.config/discord/0.0.47/modules/pending/discord_krisp-1.zip: 36%
2024-09-18T00:24:45.590Z [Modules] Streaming discord_krisp@1 to /home/softmax/.config/discord/0.0.47/modules/pending/discord_krisp-1.zip: 37%
2024-09-18T00:24:45.593Z [Modules] Streaming discord_krisp@1 to /home/softmax/.config/discord/0.0.47/modules/pending/discord_krisp-1.zip: 38%
2024-09-18T00:24:45.595Z [Modules] Streaming discord_krisp@1 to /home/softmax/.config/discord/0.0.47/modules/pending/discord_krisp-1.zip: 39%
2024-09-18T00:24:45.598Z [Modules] Streaming discord_krisp@1 to /home/softmax/.config/discord/0.0.47/modules/pending/discord_krisp-1.zip: 40%
2024-09-18T00:24:45.640Z [Modules] Host is up to date.
2024-09-18T00:24:45.640Z [Modules] Checking for module updates at https://discord.com/api/modules/stable/versions.json
2024-09-18T00:24:45.642Z [Modules] No module updates available.
2024-09-18T00:24:45.657Z [Modules] Streaming discord_krisp@1 to /home/softmax/.config/discord/0.0.47/modules/pending/discord_krisp-1.zip: 41%
2024-09-18T00:24:45.670Z [Modules] Streaming discord_krisp@1 to /home/softmax/.config/discord/0.0.47/modules/pending/discord_krisp-1.zip: 42%
2024-09-18T00:24:45.679Z [Modules] Streaming discord_krisp@1 to /home/softmax/.config/discord/0.0.47/modules/pending/discord_krisp-1.zip: 43%
2024-09-18T00:24:45.692Z [Modules] Streaming discord_krisp@1 to /home/softmax/.config/discord/0.0.47/modules/pending/discord_krisp-1.zip: 44%
2024-09-18T00:24:45.705Z [Modules] Streaming discord_krisp@1 to /home/softmax/.config/discord/0.0.47/modules/pending/discord_krisp-1.zip: 45%
2024-09-18T00:24:45.705Z [Modules] Streaming discord_krisp@1 to /home/softmax/.config/discord/0.0.47/modules/pending/discord_krisp-1.zip: 46%
2024-09-18T00:24:45.705Z [Modules] Starting to install discord_rpc...
2024-09-18T00:24:45.708Z [Modules] Streaming discord_krisp@1 to /home/softmax/.config/discord/0.0.47/modules/pending/discord_krisp-1.zip: 47%
2024-09-18T00:24:45.708Z [Modules] Streaming discord_krisp@1 to /home/softmax/.config/discord/0.0.47/modules/pending/discord_krisp-1.zip: 48%
2024-09-18T00:24:45.709Z [Modules] Streaming discord_krisp@1 to /home/softmax/.config/discord/0.0.47/modules/pending/discord_krisp-1.zip: 49%
2024-09-18T00:24:45.710Z [Modules] Streaming discord_krisp@1 to /home/softmax/.config/discord/0.0.47/modules/pending/discord_krisp-1.zip: 50%
2024-09-18T00:24:45.713Z [Modules] Streaming discord_krisp@1 to /home/softmax/.config/discord/0.0.47/modules/pending/discord_krisp-1.zip: 51%
2024-09-18T00:24:45.726Z [Modules] Streaming discord_krisp@1 to /home/softmax/.config/discord/0.0.47/modules/pending/discord_krisp-1.zip: 52%
2024-09-18T00:24:45.776Z [Modules] Streaming discord_krisp@1 to /home/softmax/.config/discord/0.0.47/modules/pending/discord_krisp-1.zip: 53%
2024-09-18T00:24:45.782Z [Modules] Streaming discord_krisp@1 to /home/softmax/.config/discord/0.0.47/modules/pending/discord_krisp-1.zip: 54%
2024-09-18T00:24:45.801Z [Modules] Streaming discord_krisp@1 to /home/softmax/.config/discord/0.0.47/modules/pending/discord_krisp-1.zip: 55%
2024-09-18T00:24:45.817Z [Modules] Streaming discord_krisp@1 to /home/softmax/.config/discord/0.0.47/modules/pending/discord_krisp-1.zip: 56%
2024-09-18T00:24:45.827Z [Modules] Streaming discord_krisp@1 to /home/softmax/.config/discord/0.0.47/modules/pending/discord_krisp-1.zip: 57%
2024-09-18T00:24:45.864Z [Modules] Streaming discord_krisp@1 to /home/softmax/.config/discord/0.0.47/modules/pending/discord_krisp-1.zip: 58%
2024-09-18T00:24:45.867Z [Modules] Streaming discord_krisp@1 to /home/softmax/.config/discord/0.0.47/modules/pending/discord_krisp-1.zip: 59%
2024-09-18T00:24:45.868Z [Modules] Streaming discord_krisp@1 to /home/softmax/.config/discord/0.0.47/modules/pending/discord_krisp-1.zip: 60%
2024-09-18T00:24:45.869Z [Modules] Streaming discord_krisp@1 to /home/softmax/.config/discord/0.0.47/modules/pending/discord_krisp-1.zip: 61%
2024-09-18T00:24:45.870Z [Modules] Streaming discord_krisp@1 to /home/softmax/.config/discord/0.0.47/modules/pending/discord_krisp-1.zip: 62%
2024-09-18T00:24:45.870Z [Modules] Streaming discord_krisp@1 to /home/softmax/.config/discord/0.0.47/modules/pending/discord_krisp-1.zip: 63%
2024-09-18T00:24:45.874Z [Modules] Streaming discord_krisp@1 to /home/softmax/.config/discord/0.0.47/modules/pending/discord_krisp-1.zip: 64%
2024-09-18T00:24:45.874Z [Modules] Streaming discord_krisp@1 to /home/softmax/.config/discord/0.0.47/modules/pending/discord_krisp-1.zip: 65%
2024-09-18T00:24:45.875Z [Modules] Streaming discord_krisp@1 to /home/softmax/.config/discord/0.0.47/modules/pending/discord_krisp-1.zip: 66%
2024-09-18T00:24:45.875Z [Modules] Streaming discord_krisp@1 to /home/softmax/.config/discord/0.0.47/modules/pending/discord_krisp-1.zip: 67%
2024-09-18T00:24:45.875Z [Modules] Streaming discord_krisp@1 to /home/softmax/.config/discord/0.0.47/modules/pending/discord_krisp-1.zip: 68%
2024-09-18T00:24:45.879Z [Modules] Streaming discord_krisp@1 to /home/softmax/.config/discord/0.0.47/modules/pending/discord_krisp-1.zip: 69%
2024-09-18T00:24:45.909Z [Modules] Streaming discord_krisp@1 to /home/softmax/.config/discord/0.0.47/modules/pending/discord_krisp-1.zip: 70%
2024-09-18T00:24:45.918Z [Modules] Streaming discord_krisp@1 to /home/softmax/.config/discord/0.0.47/modules/pending/discord_krisp-1.zip: 71%
2024-09-18T00:24:45.932Z [Modules] Streaming discord_krisp@1 to /home/softmax/.config/discord/0.0.47/modules/pending/discord_krisp-1.zip: 72%
2024-09-18T00:24:45.942Z [Modules] Streaming discord_krisp@1 to /home/softmax/.config/discord/0.0.47/modules/pending/discord_krisp-1.zip: 73%
2024-09-18T00:24:45.942Z [Modules] Streaming discord_krisp@1 to /home/softmax/.config/discord/0.0.47/modules/pending/discord_krisp-1.zip: 74%
2024-09-18T00:24:45.943Z [Modules] Streaming discord_krisp@1 to /home/softmax/.config/discord/0.0.47/modules/pending/discord_krisp-1.zip: 75%
2024-09-18T00:24:45.952Z [Modules] Streaming discord_krisp@1 to /home/softmax/.config/discord/0.0.47/modules/pending/discord_krisp-1.zip: 76%
2024-09-18T00:24:45.996Z [Modules] Streaming discord_krisp@1 to /home/softmax/.config/discord/0.0.47/modules/pending/discord_krisp-1.zip: 77%
2024-09-18T00:24:45.997Z [Modules] Streaming discord_krisp@1 to /home/softmax/.config/discord/0.0.47/modules/pending/discord_krisp-1.zip: 78%
2024-09-18T00:24:45.997Z [Modules] Streaming discord_krisp@1 to /home/softmax/.config/discord/0.0.47/modules/pending/discord_krisp-1.zip: 79%
2024-09-18T00:24:45.998Z [Modules] Streaming discord_krisp@1 to /home/softmax/.config/discord/0.0.47/modules/pending/discord_krisp-1.zip: 80%
2024-09-18T00:24:45.998Z [Modules] Streaming discord_krisp@1 to /home/softmax/.config/discord/0.0.47/modules/pending/discord_krisp-1.zip: 81%
2024-09-18T00:24:45.999Z [Modules] Streaming discord_krisp@1 to /home/softmax/.config/discord/0.0.47/modules/pending/discord_krisp-1.zip: 82%
2024-09-18T00:24:46.031Z [Modules] Streaming discord_krisp@1 to /home/softmax/.config/discord/0.0.47/modules/pending/discord_krisp-1.zip: 83%
2024-09-18T00:24:46.032Z [Modules] Streaming discord_krisp@1 to /home/softmax/.config/discord/0.0.47/modules/pending/discord_krisp-1.zip: 84%
2024-09-18T00:24:46.032Z [Modules] Streaming discord_krisp@1 to /home/softmax/.config/discord/0.0.47/modules/pending/discord_krisp-1.zip: 85%
2024-09-18T00:24:46.033Z [Modules] Streaming discord_krisp@1 to /home/softmax/.config/discord/0.0.47/modules/pending/discord_krisp-1.zip: 86%
2024-09-18T00:24:46.033Z [Modules] Streaming discord_krisp@1 to /home/softmax/.config/discord/0.0.47/modules/pending/discord_krisp-1.zip: 87%
2024-09-18T00:24:46.033Z [Modules] Streaming discord_krisp@1 to /home/softmax/.config/discord/0.0.47/modules/pending/discord_krisp-1.zip: 88%
2024-09-18T00:24:46.034Z [Modules] Streaming discord_krisp@1 to /home/softmax/.config/discord/0.0.47/modules/pending/discord_krisp-1.zip: 89%
2024-09-18T00:24:46.065Z [Modules] Streaming discord_krisp@1 to /home/softmax/.config/discord/0.0.47/modules/pending/discord_krisp-1.zip: 90%
2024-09-18T00:24:46.066Z [Modules] Streaming discord_krisp@1 to /home/softmax/.config/discord/0.0.47/modules/pending/discord_krisp-1.zip: 91%
2024-09-18T00:24:46.089Z [Modules] Streaming discord_krisp@1 to /home/softmax/.config/discord/0.0.47/modules/pending/discord_krisp-1.zip: 92%
2024-09-18T00:24:46.095Z [Modules] Streaming discord_krisp@1 to /home/softmax/.config/discord/0.0.47/modules/pending/discord_krisp-1.zip: 93%
2024-09-18T00:24:46.103Z [Modules] Streaming discord_krisp@1 to /home/softmax/.config/discord/0.0.47/modules/pending/discord_krisp-1.zip: 94%
2024-09-18T00:24:46.106Z [Modules] Streaming discord_krisp@1 to /home/softmax/.config/discord/0.0.47/modules/pending/discord_krisp-1.zip: 95%
2024-09-18T00:24:46.114Z [Modules] Streaming discord_krisp@1 to /home/softmax/.config/discord/0.0.47/modules/pending/discord_krisp-1.zip: 96%
2024-09-18T00:24:46.118Z [Modules] Streaming discord_krisp@1 to /home/softmax/.config/discord/0.0.47/modules/pending/discord_krisp-1.zip: 97%
2024-09-18T00:24:46.122Z [Modules] Streaming discord_krisp@1 to /home/softmax/.config/discord/0.0.47/modules/pending/discord_krisp-1.zip: 98%
2024-09-18T00:24:46.123Z [Modules] Streaming discord_krisp@1 to /home/softmax/.config/discord/0.0.47/modules/pending/discord_krisp-1.zip: 99%
2024-09-18T00:24:46.123Z [Modules] Streaming discord_krisp@1 to /home/softmax/.config/discord/0.0.47/modules/pending/discord_krisp-1.zip: 100%
2024-09-18T00:24:46.124Z [Modules] Fetching discord_game_utils@1 from https://discord.com/api/modules/stable/discord_game_utils/1
2024-09-18T00:24:46.124Z [Modules] Streaming discord_game_utils@1 to /home/softmax/.config/discord/0.0.47/modules/pending/discord_game_utils-1.zip
2024-09-18T00:24:46.124Z [Modules] Installing discord_krisp@1 from /home/softmax/.config/discord/0.0.47/modules/pending/discord_krisp-1.zip
2024-09-18T00:24:46.266Z [Modules] Streaming discord_game_utils@1 to /home/softmax/.config/discord/0.0.47/modules/pending/discord_game_utils-1.zip: 1%
2024-09-18T00:24:46.268Z [Modules] Streaming discord_game_utils@1 to /home/softmax/.config/discord/0.0.47/modules/pending/discord_game_utils-1.zip: 2%
2024-09-18T00:24:46.269Z [Modules] Streaming discord_game_utils@1 to /home/softmax/.config/discord/0.0.47/modules/pending/discord_game_utils-1.zip: 5%
2024-09-18T00:24:46.276Z [Modules] Streaming discord_game_utils@1 to /home/softmax/.config/discord/0.0.47/modules/pending/discord_game_utils-1.zip: 6%
2024-09-18T00:24:46.278Z [Modules] Streaming discord_game_utils@1 to /home/softmax/.config/discord/0.0.47/modules/pending/discord_game_utils-1.zip: 7%
2024-09-18T00:24:46.281Z [Modules] Streaming discord_game_utils@1 to /home/softmax/.config/discord/0.0.47/modules/pending/discord_game_utils-1.zip: 8%
2024-09-18T00:24:46.283Z [Modules] Streaming discord_game_utils@1 to /home/softmax/.config/discord/0.0.47/modules/pending/discord_game_utils-1.zip: 10%
2024-09-18T00:24:46.284Z [Modules] Streaming discord_game_utils@1 to /home/softmax/.config/discord/0.0.47/modules/pending/discord_game_utils-1.zip: 11%
2024-09-18T00:24:46.290Z [Modules] Streaming discord_game_utils@1 to /home/softmax/.config/discord/0.0.47/modules/pending/discord_game_utils-1.zip: 14%
2024-09-18T00:24:46.292Z [Modules] Streaming discord_game_utils@1 to /home/softmax/.config/discord/0.0.47/modules/pending/discord_game_utils-1.zip: 16%
2024-09-18T00:24:46.294Z [Modules] Streaming discord_game_utils@1 to /home/softmax/.config/discord/0.0.47/modules/pending/discord_game_utils-1.zip: 19%
2024-09-18T00:24:46.296Z [Modules] Streaming discord_game_utils@1 to /home/softmax/.config/discord/0.0.47/modules/pending/discord_game_utils-1.zip: 21%
2024-09-18T00:24:46.297Z [Modules] Streaming discord_game_utils@1 to /home/softmax/.config/discord/0.0.47/modules/pending/discord_game_utils-1.zip: 22%
2024-09-18T00:24:46.300Z [Modules] Streaming discord_game_utils@1 to /home/softmax/.config/discord/0.0.47/modules/pending/discord_game_utils-1.zip: 23%
2024-09-18T00:24:46.300Z [Modules] Streaming discord_game_utils@1 to /home/softmax/.config/discord/0.0.47/modules/pending/discord_game_utils-1.zip: 26%
2024-09-18T00:24:46.303Z [Modules] Streaming discord_game_utils@1 to /home/softmax/.config/discord/0.0.47/modules/pending/discord_game_utils-1.zip: 28%
2024-09-18T00:24:46.305Z [Modules] Streaming discord_game_utils@1 to /home/softmax/.config/discord/0.0.47/modules/pending/discord_game_utils-1.zip: 29%
2024-09-18T00:24:46.307Z [Modules] Streaming discord_game_utils@1 to /home/softmax/.config/discord/0.0.47/modules/pending/discord_game_utils-1.zip: 30%
2024-09-18T00:24:46.312Z [Modules] Streaming discord_game_utils@1 to /home/softmax/.config/discord/0.0.47/modules/pending/discord_game_utils-1.zip: 33%
2024-09-18T00:24:46.315Z [Modules] Streaming discord_game_utils@1 to /home/softmax/.config/discord/0.0.47/modules/pending/discord_game_utils-1.zip: 35%
2024-09-18T00:24:46.315Z [Modules] Streaming discord_game_utils@1 to /home/softmax/.config/discord/0.0.47/modules/pending/discord_game_utils-1.zip: 38%
2024-09-18T00:24:46.319Z [Modules] Streaming discord_game_utils@1 to /home/softmax/.config/discord/0.0.47/modules/pending/discord_game_utils-1.zip: 39%
2024-09-18T00:24:46.378Z [Modules] Streaming discord_game_utils@1 to /home/softmax/.config/discord/0.0.47/modules/pending/discord_game_utils-1.zip: 40%
2024-09-18T00:24:46.378Z [Modules] Streaming discord_game_utils@1 to /home/softmax/.config/discord/0.0.47/modules/pending/discord_game_utils-1.zip: 43%
2024-09-18T00:24:46.380Z [Modules] Streaming discord_game_utils@1 to /home/softmax/.config/discord/0.0.47/modules/pending/discord_game_utils-1.zip: 46%
2024-09-18T00:24:46.380Z [Modules] Streaming discord_game_utils@1 to /home/softmax/.config/discord/0.0.47/modules/pending/discord_game_utils-1.zip: 47%
2024-09-18T00:24:46.383Z [Modules] Streaming discord_game_utils@1 to /home/softmax/.config/discord/0.0.47/modules/pending/discord_game_utils-1.zip: 48%
2024-09-18T00:24:46.384Z [Modules] Streaming discord_game_utils@1 to /home/softmax/.config/discord/0.0.47/modules/pending/discord_game_utils-1.zip: 50%
2024-09-18T00:24:46.385Z [Modules] Streaming discord_game_utils@1 to /home/softmax/.config/discord/0.0.47/modules/pending/discord_game_utils-1.zip: 51%
2024-09-18T00:24:46.385Z [Modules] Streaming discord_game_utils@1 to /home/softmax/.config/discord/0.0.47/modules/pending/discord_game_utils-1.zip: 54%
2024-09-18T00:24:46.387Z [Modules] Streaming discord_game_utils@1 to /home/softmax/.config/discord/0.0.47/modules/pending/discord_game_utils-1.zip: 56%
2024-09-18T00:24:46.388Z [Modules] Streaming discord_game_utils@1 to /home/softmax/.config/discord/0.0.47/modules/pending/discord_game_utils-1.zip: 58%
2024-09-18T00:24:46.388Z [Modules] Streaming discord_game_utils@1 to /home/softmax/.config/discord/0.0.47/modules/pending/discord_game_utils-1.zip: 59%
2024-09-18T00:24:46.388Z [Modules] Streaming discord_game_utils@1 to /home/softmax/.config/discord/0.0.47/modules/pending/discord_game_utils-1.zip: 61%
2024-09-18T00:24:46.388Z [Modules] Streaming discord_game_utils@1 to /home/softmax/.config/discord/0.0.47/modules/pending/discord_game_utils-1.zip: 66%
2024-09-18T00:24:46.389Z [Modules] Streaming discord_game_utils@1 to /home/softmax/.config/discord/0.0.47/modules/pending/discord_game_utils-1.zip: 71%
2024-09-18T00:24:46.394Z [Modules] Streaming discord_game_utils@1 to /home/softmax/.config/discord/0.0.47/modules/pending/discord_game_utils-1.zip: 74%
2024-09-18T00:24:46.394Z [Modules] Streaming discord_game_utils@1 to /home/softmax/.config/discord/0.0.47/modules/pending/discord_game_utils-1.zip: 77%
2024-09-18T00:24:46.395Z [Modules] Streaming discord_game_utils@1 to /home/softmax/.config/discord/0.0.47/modules/pending/discord_game_utils-1.zip: 80%
2024-09-18T00:24:46.395Z [Modules] Streaming discord_game_utils@1 to /home/softmax/.config/discord/0.0.47/modules/pending/discord_game_utils-1.zip: 82%
2024-09-18T00:24:46.400Z [Modules] Streaming discord_game_utils@1 to /home/softmax/.config/discord/0.0.47/modules/pending/discord_game_utils-1.zip: 84%
2024-09-18T00:24:46.400Z [Modules] Streaming discord_game_utils@1 to /home/softmax/.config/discord/0.0.47/modules/pending/discord_game_utils-1.zip: 86%
2024-09-18T00:24:46.400Z [Modules] Streaming discord_game_utils@1 to /home/softmax/.config/discord/0.0.47/modules/pending/discord_game_utils-1.zip: 89%
2024-09-18T00:24:46.401Z [Modules] Streaming discord_game_utils@1 to /home/softmax/.config/discord/0.0.47/modules/pending/discord_game_utils-1.zip: 90%
2024-09-18T00:24:46.402Z [Modules] Streaming discord_game_utils@1 to /home/softmax/.config/discord/0.0.47/modules/pending/discord_game_utils-1.zip: 93%
2024-09-18T00:24:46.402Z [Modules] Streaming discord_game_utils@1 to /home/softmax/.config/discord/0.0.47/modules/pending/discord_game_utils-1.zip: 94%
2024-09-18T00:24:46.402Z [Modules] Streaming discord_game_utils@1 to /home/softmax/.config/discord/0.0.47/modules/pending/discord_game_utils-1.zip: 96%
2024-09-18T00:24:46.403Z [Modules] Streaming discord_game_utils@1 to /home/softmax/.config/discord/0.0.47/modules/pending/discord_game_utils-1.zip: 98%
2024-09-18T00:24:46.404Z [Modules] Streaming discord_game_utils@1 to /home/softmax/.config/discord/0.0.47/modules/pending/discord_game_utils-1.zip: 100%
2024-09-18T00:24:46.405Z [Modules] Fetching discord_zstd@0 from https://discord.com/api/modules/stable/discord_zstd/0
2024-09-18T00:24:46.405Z [Modules] Streaming discord_zstd@0 to /home/softmax/.config/discord/0.0.47/modules/pending/discord_zstd-0.zip
2024-09-18T00:24:46.418Z [Modules] Installing discord_game_utils@1 from /home/softmax/.config/discord/0.0.47/modules/pending/discord_game_utils-1.zip
2024-09-18T00:24:46.460Z [Modules] Finished module installations. [success: 2] [failure: 0]
2024-09-18T00:24:47.011Z [Modules] Failed fetching module discord_zstd@0: Error: HTTP Error: Status Code 403
2024-09-18T00:24:47.011Z [Modules] Waiting 1000ms before next download.
2024-09-18T00:24:48.951Z [Modules] Fetching discord_rpc@1 from https://discord.com/api/modules/stable/discord_rpc/1
2024-09-18T00:24:48.952Z [Modules] Streaming discord_rpc@1 to /home/softmax/.config/discord/0.0.47/modules/pending/discord_rpc-1.zip
2024-09-18T00:24:49.266Z [Modules] Streaming discord_rpc@1 to /home/softmax/.config/discord/0.0.47/modules/pending/discord_rpc-1.zip: 2%
2024-09-18T00:24:49.266Z [Modules] Streaming discord_rpc@1 to /home/softmax/.config/discord/0.0.47/modules/pending/discord_rpc-1.zip: 5%
2024-09-18T00:24:49.266Z [Modules] Streaming discord_rpc@1 to /home/softmax/.config/discord/0.0.47/modules/pending/discord_rpc-1.zip: 11%
2024-09-18T00:24:49.267Z [Modules] Streaming discord_rpc@1 to /home/softmax/.config/discord/0.0.47/modules/pending/discord_rpc-1.zip: 14%
2024-09-18T00:24:49.267Z [Modules] Streaming discord_rpc@1 to /home/softmax/.config/discord/0.0.47/modules/pending/discord_rpc-1.zip: 39%
2024-09-18T00:24:49.279Z [Modules] Streaming discord_rpc@1 to /home/softmax/.config/discord/0.0.47/modules/pending/discord_rpc-1.zip: 41%
2024-09-18T00:24:49.280Z [Modules] Streaming discord_rpc@1 to /home/softmax/.config/discord/0.0.47/modules/pending/discord_rpc-1.zip: 78%
2024-09-18T00:24:49.283Z [Modules] Streaming discord_rpc@1 to /home/softmax/.config/discord/0.0.47/modules/pending/discord_rpc-1.zip: 80%
2024-09-18T00:24:49.283Z [Modules] Streaming discord_rpc@1 to /home/softmax/.config/discord/0.0.47/modules/pending/discord_rpc-1.zip: 95%
2024-09-18T00:24:49.285Z [Modules] Streaming discord_rpc@1 to /home/softmax/.config/discord/0.0.47/modules/pending/discord_rpc-1.zip: 100%
2024-09-18T00:24:49.285Z [Modules] Finished module downloads. [success: 3] [failure: 1]
2024-09-18T00:24:49.286Z [Modules] Installing discord_rpc@1 from /home/softmax/.config/discord/0.0.47/modules/pending/discord_rpc-1.zip
2024-09-18T00:24:49.294Z [Modules] Finished module installations. [success: 1] [failure: 0]
